Time[ps]      Etot[eV]     Epot[eV]     Ekin[eV]    T[K]
0.0000           2.7739       2.7739       0.0000     0.0
0.0010           2.7080       2.3425       0.3655   942.5
0.0020           2.6809       1.8945       0.7864  2028.0
0.0030           2.6919       2.0299       0.6621  1707.3
0.0040           2.7149       2.4127       0.3022   779.3
0.0050           2.7280       2.6854       0.0426   109.8
0.0060           2.7289       2.6990       0.0298    76.9
0.0070           2.7251       2.4467       0.2785   718.1
0.0080           2.7042       2.0624       0.6418  1655.0
0.0090           2.6775       1.8890       0.7884  2033.2
0.0100           2.6968       2.2843       0.4125  1063.6
0.0110           2.7727       2.7534       0.0193    49.7
0.0120           2.7108       2.3953       0.3155   813.6
0.0130           2.6721       1.9147       0.7573  1952.9
0.0140           2.7067       1.9965       0.7102  1831.5
0.0150           2.7336       2.3737       0.3598   927.9
0.0160           2.7423       2.6717       0.0706   182.0
0.0170           2.7435       2.7232       0.0203    52.4
0.0180           2.7336       2.5024       0.2313   596.4
0.0190           2.7128       2.1234       0.5895  1520.1
0.0200           2.6657       1.8816       0.7842  2022.2
0.0210           2.6805       2.1619       0.5186  1337.3
0.0220           2.7587       2.7078       0.0508   131.1
0.0230           2.7253       2.5127       0.2126   548.2
0.0240           2.6775       1.9659       0.7117  1835.2
0.0250           2.6926       1.9424       0.7503  1934.8
0.0260           2.7260       2.2913       0.4348  1121.1
0.0270           2.7274       2.6153       0.1121   289.1
0.0280           2.7306       2.7110       0.0196    50.5
0.0290           2.7237       2.5418       0.1819   469.0
0.0300           2.7166       2.1887       0.5279  1361.3
0.0310           2.6940       1.9067       0.7874  2030.4
0.0320           2.6884       2.0837       0.6047  1559.4
0.0330           2.7780       2.6206       0.1575   406.1
0.0340           2.7746       2.5894       0.1852   477.7
0.0350           2.7067       2.0542       0.6525  1682.6
0.0360           2.7100       1.9148       0.7952  2050.7
0.0370           2.7378       2.2027       0.5351  1379.8
0.0380           2.7398       2.5486       0.1912   493.2
0.0390           2.7491       2.7122       0.0368    95.0
0.0400           2.7478       2.6177       0.1301   335.6
0.0410           2.7180       2.3159       0.4021  1036.9
0.0420           2.7100       1.9825       0.7274  1875.9
0.0430           2.6827       1.9498       0.7329  1889.9
0.0440           2.7266       2.3818       0.3449   889.3
0.0450           2.7829       2.6649       0.1180   304.4
0.0460           2.7512       2.2618       0.4894  1262.1
0.0470           2.7357       1.9125       0.8232  2122.8
0.0480           2.7717       2.0740       0.6977  1799.1
0.0490           2.8054       2.4522       0.3533   911.0
0.0500           2.8014       2.7171       0.0843   217.3
0.0510           2.8059       2.7326       0.0732   188.9
0.0520           2.8037       2.4910       0.3126   806.2
0.0530           2.7843       2.1185       0.6658  1716.9
0.0540           2.7453       1.9091       0.8362  2156.3
0.0550           2.7793       2.2067       0.5726  1476.6
0.0560           2.8392       2.6894       0.1497   386.1
0.0570           2.8168       2.4828       0.3340   861.3
0.0580           2.7778       1.9917       0.7861  2027.2
0.0590           2.7769       1.9587       0.8182  2109.8
0.0600           2.8236       2.2900       0.5336  1376.0
0.0610           2.8280       2.6363       0.1917   494.2
0.0620           2.8363       2.7850       0.0513   132.3
0.0630           2.8328       2.6778       0.1550   399.7
0.0640           2.8270       2.3706       0.4564  1177.0
0.0650           2.8074       2.0577       0.7497  1933.4
0.0660           2.7926       2.0470       0.7456  1922.8
0.0670           2.8381       2.3955       0.4426  1141.5
0.0680           2.8630       2.5901       0.2729   703.8
0.0690           2.8360       2.3087       0.5273  1359.7
0.0700           2.8455       2.0065       0.8390  2163.6
0.0710           2.8381       2.1322       0.7060  1820.5
0.0720           2.8599       2.4929       0.3670   946.4
0.0730           2.8568       2.7646       0.0923   237.9
0.0740           2.8640       2.7943       0.0697   179.8
0.0750           2.8611       2.5624       0.2987   770.3
0.0760           2.8638       2.1624       0.7014  1808.7
0.0770           2.8293       1.8913       0.9380  2418.9
0.0780           2.8215       2.1691       0.6524  1682.4
0.0790           2.9053       2.7599       0.1454   374.9
0.0800           2.8695       2.5612       0.3084   795.2
0.0810           2.8134       1.9698       0.8436  2175.4
0.0820           2.8403       1.9719       0.8685  2239.6
0.0830           2.8786       2.3724       0.5062  1305.4
0.0840           2.8768       2.7231       0.1537   396.4
0.0850           2.8796       2.8088       0.0708   182.7
0.0860           2.8698       2.6064       0.2634   679.4
0.0870           2.8560       2.2189       0.6371  1643.0
0.0880           2.8156       1.9514       0.8641  2228.4
0.0890           2.8330       2.2324       0.6007  1549.0
0.0900           2.9025       2.7339       0.1686   434.7
0.0910           2.8556       2.4683       0.3873   998.8
0.0920           2.8087       1.9911       0.8176  2108.5
0.0930           2.8237       2.0406       0.7831  2019.4
0.0940           2.8429       2.4078       0.4350  1121.9
0.0950           2.8193       2.7160       0.1034   266.6
0.0960           2.8230       2.7935       0.0295    76.0
0.0970           2.8122       2.6421       0.1701   438.7
0.0980           2.8062       2.3724       0.4338  1118.8
0.0990           2.7761       2.2059       0.5702  1470.4
0.1000           2.8106       2.2782       0.5324  1372.9
Time[ps]      Etot[eV]     Epot[eV]     Ekin[eV]    T[K]
0.0000           2.7739       2.7739       0.0000     0.0
0.0010           2.7071       2.3434       0.3637   938.0
0.0020           2.6834       1.8937       0.7896  2036.3
0.0030           2.7331       2.0365       0.6966  1796.3
0.0040           2.7509       2.4337       0.3172   818.0
0.0050           2.7581       2.7141       0.0440   113.5
0.0060           2.7590       2.7243       0.0347    89.6
0.0070           2.7640       2.4559       0.3081   794.4
0.0080           2.7457       2.0577       0.6880  1774.1
0.0090           2.7024       1.8919       0.8105  2090.1
0.0100           2.7284       2.3126       0.4158  1072.2
0.0110           2.8112       2.7880       0.0231    59.6
0.0120           2.7462       2.3982       0.3480   897.4
0.0130           2.7009       1.9108       0.7900  2037.3
0.0140           2.7392       2.0069       0.7323  1888.4
0.0150           2.7714       2.3955       0.3759   969.3
0.0160           2.7644       2.6954       0.0690   177.9
0.0170           2.7686       2.7411       0.0276    71.1
0.0180           2.7700       2.5198       0.2501   645.0
0.0190           2.7266       2.1506       0.5761  1485.5
0.0200           2.7129       1.9296       0.7833  2020.0
0.0210           2.7386       2.2085       0.5301  1367.0
0.0220           2.7919       2.6708       0.1211   312.2
0.0230           2.7581       2.4661       0.2920   753.0
0.0240           2.7169       2.0039       0.7130  1838.6
0.0250           2.7214       1.9813       0.7401  1908.6
0.0260           2.7596       2.3028       0.4568  1177.9
0.0270           2.7731       2.6333       0.1397   360.3
0.0280           2.7742       2.7662       0.0079    20.5
0.0290           2.7757       2.6415       0.1342   346.1
0.0300           2.7555       2.3254       0.4301  1109.1
0.0310           2.7330       2.0289       0.7041  1815.7
0.0320           2.7124       2.0576       0.6547  1688.4
0.0330           2.7455       2.4075       0.3380   871.7
0.0340           2.7709       2.5604       0.2106   543.0
0.0350           2.7516       2.2625       0.4891  1261.3
0.0360           2.7327       1.9976       0.7351  1895.8
0.0370           2.7526       2.1345       0.6181  1594.1
0.0380           2.7662       2.4706       0.2956   762.3
0.0390           2.7702       2.7139       0.0563   145.3
0.0400           2.7739       2.7224       0.0515   132.8
0.0410           2.7616       2.4883       0.2732   704.6
0.0420           2.7287       2.1198       0.6089  1570.3
0.0430           2.7066       1.9033       0.8033  2071.6
0.0440           2.7078       2.1728       0.5349  1379.5
0.0450           2.7704       2.6663       0.1041   268.4
0.0460           2.7499       2.5244       0.2254   581.4
0.0470           2.6893       2.0097       0.6796  1752.4
0.0480           2.7264       1.9459       0.7805  2012.7
0.0490           2.7676       2.2792       0.4884  1259.6
0.0500           2.7828       2.6271       0.1557   401.6
0.0510           2.7863       2.7596       0.0267    68.7
0.0520           2.7873       2.6176       0.1697   437.5
0.0530           2.7729       2.2680       0.5050  1302.2
0.0540           2.7427       1.9414       0.8013  2066.3
0.0550           2.7249       2.0318       0.6931  1787.4
0.0560           2.7804       2.5688       0.2116   545.7
0.0570           2.7935       2.6790       0.1145   295.3
0.0580           2.7291       2.1543       0.5748  1482.3
0.0590           2.7192       1.9024       0.8168  2106.4
0.0600           2.7561       2.1403       0.6157  1587.8
0.0610           2.7724       2.5165       0.2559   659.8
0.0620           2.7741       2.7425       0.0315    81.3
0.0630           2.7728       2.7102       0.0626   161.5
0.0640           2.7703       2.4404       0.3299   850.7
0.0650           2.7662       2.0685       0.6977  1799.3
0.0660           2.7350       1.9159       0.8191  2112.3
0.0670           2.7453       2.2862       0.4590  1183.7
0.0680           2.8013       2.7311       0.0702   180.9
0.0690           2.7505       2.4358       0.3147   811.4
0.0700           2.7187       1.9545       0.7642  1970.8
0.0710           2.7444       1.9920       0.7524  1940.3
0.0720           2.7575       2.3501       0.4074  1050.7
0.0730           2.7624       2.6618       0.1006   259.3
0.0740           2.7603       2.7376       0.0227    58.5
0.0750           2.7455       2.5484       0.1972   508.4
0.0760           2.7206       2.1863       0.5343  1378.0
0.0770           2.6891       1.8995       0.7895  2036.0
0.0780           2.6933       2.0683       0.6249  1611.6
0.0790           2.7580       2.6362       0.1218   314.2
0.0800           2.7604       2.6454       0.1150   296.6
0.0810           2.7002       2.0783       0.6220  1603.9
0.0820           2.7127       1.8979       0.8149  2101.4
0.0830           2.7355       2.1831       0.5524  1424.5
0.0840           2.7465       2.5446       0.2019   520.5
0.0850           2.7529       2.7333       0.0196    50.7
0.0860           2.7523       2.6599       0.0924   238.3
0.0870           2.7367       2.3603       0.3764   970.7
0.0880           2.7301       2.0114       0.7188  1853.6
0.0890           2.6895       1.9533       0.7362  1898.6
0.0900           2.7232       2.3768       0.3463   893.1
0.0910           2.7735       2.6863       0.0872   224.8
0.0920           2.7068       2.3309       0.3760   969.6
0.0930           2.6791       1.9453       0.7338  1892.2
0.0940           2.7030       2.0272       0.6758  1742.6
0.0950           2.7229       2.3691       0.3538   912.4
0.0960           2.7404       2.6541       0.0864   222.7
0.0970           2.7391       2.7166       0.0225    57.9
0.0980           2.7351       2.5289       0.2061   531.6
0.0990           2.7240       2.1757       0.5484  1414.1
0.1000           2.7064       1.9098       0.7966  2054.1
0.1010           2.6889       2.0878       0.6011  1550.0
0.1020           2.7473       2.5987       0.1486   383.2
0.1030           2.7479       2.5878       0.1601   412.9
0.1040           2.6872       2.0686       0.6186  1595.3
0.1050           2.6847       1.9115       0.7732  1994.0
0.1060           2.7194       2.1881       0.5314  1370.2
0.1070           2.7289       2.5318       0.1972   508.4
0.1080           2.7379       2.7002       0.0377    97.3
0.1090           2.7296       2.6088       0.1207   311.3
0.1100           2.7147       2.3063       0.4085  1053.3
0.1110           2.6856       1.9884       0.6972  1797.8
0.1120           2.6693       1.9890       0.6804  1754.5
0.1130           2.7053       2.4160       0.2893   746.0
0.1140           2.7489       2.6265       0.1224   315.7
0.1150           2.7101       2.2528       0.4573  1179.3
0.1160           2.6930       1.9424       0.7506  1935.6
0.1170           2.7056       2.0737       0.6318  1629.4
0.1180           2.7228       2.4133       0.3095   798.0
0.1190           2.7320       2.6615       0.0704   181.7
0.1200           2.7416       2.6826       0.0590   152.1
0.1210           2.7381       2.4620       0.2761   712.0
0.1220           2.7087       2.1137       0.5950  1534.5
0.1230           2.6811       1.9071       0.7740  1995.9
0.1240           2.6766       2.1476       0.5290  1364.2
0.1250           2.7254       2.5935       0.1318   340.0
0.1260           2.7154       2.4721       0.2433   627.4
0.1270           2.6658       2.0071       0.6587  1698.6
0.1280           2.6681       1.9502       0.7179  1851.4
0.1290           2.6786       2.2491       0.4295  1107.5
0.1300           2.7044       2.5534       0.1510   389.5
0.1310           2.7184       2.6586       0.0598   154.2
0.1320           2.7038       2.5101       0.1937   499.5
0.1330           2.6829       2.1786       0.5043  1300.4
0.1340           2.6620       1.9075       0.7545  1945.7
0.1350           2.6321       2.0590       0.5731  1477.9
0.1360           2.6835       2.5395       0.1440   371.4
0.1370           2.6794       2.5141       0.1652   426.1
0.1380           2.6389       2.0417       0.5973  1540.3
0.1390           2.6322       1.9183       0.7138  1840.8
0.1400           2.6590       2.1883       0.4707  1213.9
0.1410           2.6604       2.5068       0.1536   396.1
0.1420           2.6745       2.6523       0.0222    57.2
0.1430           2.6693       2.5548       0.1146   295.5
0.1440           2.6710       2.2600       0.4110  1059.9
0.1450           2.6548       1.9715       0.6833  1762.0
0.1460           2.6468       2.0202       0.6266  1615.9
0.1470           2.6890       2.4212       0.2678   690.5
0.1480           2.7168       2.5157       0.2011   518.7
0.1490           2.6580       2.1232       0.5348  1379.2
0.1500           2.6587       1.9409       0.7179  1851.3
0.1510           2.6754       2.1705       0.5048  1301.9
0.1520           2.6877       2.4949       0.1927   497.0
0.1530           2.6929       2.6569       0.0360    92.8
0.1540           2.6903       2.5627       0.1276   329.1
0.1550           2.6867       2.2543       0.4324  1115.0
0.1560           2.6573       1.9508       0.7065  1822.0
0.1570           2.6305       2.0240       0.6064  1563.8
0.1580           2.6962       2.5099       0.1863   480.4
0.1590           2.7056       2.5804       0.1252   322.8
0.1600           2.6497       2.0910       0.5587  1440.8
0.1610           2.6488       1.9522       0.6966  1796.5
0.1620           2.6846       2.2431       0.4415  1138.5
0.1630           2.7106       2.5791       0.1316   339.3
0.1640           2.7157       2.7089       0.0068    17.5
0.1650           2.7155       2.5502       0.1653   426.3
0.1660           2.7141       2.1950       0.5191  1338.5
0.1670           2.6838       1.9308       0.7530  1941.8
0.1680           2.6653       2.1553       0.5101  1315.3
0.1690           2.7418       2.6390       0.1028   265.1
0.1700           2.7186       2.4532       0.2654   684.5
0.1710           2.6682       1.9711       0.6971  1797.7
0.1720           2.6967       1.9857       0.7110  1833.5
0.1730           2.7279       2.3262       0.4017  1035.9
0.1740           2.7253       2.6170       0.1083   279.2
0.1750           2.7312       2.6735       0.0577   148.7
0.1760           2.7051       2.4886       0.2165   558.4
0.1770           2.6890       2.1542       0.5349  1379.3
0.1780           2.6582       1.9279       0.7303  1883.2
0.1790           2.6531       2.1238       0.5292  1364.7
0.1800           2.7022       2.5132       0.1890   487.4
0.1810           2.6743       2.4054       0.2689   693.4
0.1820           2.6140       2.0143       0.5996  1546.3
0.1830           2.6384       1.9537       0.6847  1765.7
0.1840           2.6470       2.2189       0.4281  1103.9
0.1850           2.6573       2.5039       0.1534   395.6
0.1860           2.6639       2.6048       0.0591   152.5
0.1870           2.6660       2.4659       0.2001   516.0
0.1880           2.6705       2.1521       0.5183  1336.6
0.1890           2.6775       1.8964       0.7811  2014.2
0.1900           2.6843       2.0425       0.6418  1655.0
0.1910           2.7668       2.5231       0.2436   628.3
0.1920           2.7674       2.5083       0.2590   668.0
0.1930           2.7058       2.0274       0.6784  1749.4
0.1940           2.7219       1.9064       0.8155  2103.1
0.1950           2.7384       2.1867       0.5517  1422.7
0.1960           2.7592       2.5186       0.2406   620.4
0.1970           2.7744       2.6723       0.1021   263.3
0.1980           2.7871       2.5746       0.2125   547.9
0.1990           2.7842       2.2771       0.5071  1307.6
0.2000           2.7476       1.9740       0.7736  1994.9
0.2010           2.7260       1.9803       0.7457  1923.1
0.2020           2.7667       2.3732       0.3935  1014.7
0.2030           2.7794       2.5532       0.2262   583.4
0.2040           2.7417       2.1990       0.5427  1399.5
0.2050           2.7374       1.9284       0.8090  2086.2
0.2060           2.7616       2.0848       0.6769  1745.5
0.2070           2.7908       2.4295       0.3613   931.8
0.2080           2.8046       2.6788       0.1258   324.5
0.2090           2.8080       2.6982       0.1098   283.2
0.2100           2.7923       2.4794       0.3129   806.9
0.2110           2.7531       2.1282       0.6249  1611.6
0.2120           2.7040       1.9113       0.7926  2044.1
0.2130           2.7127       2.1254       0.5873  1514.5
0.2140           2.7635       2.5745       0.1891   487.6
0.2150           2.7593       2.4770       0.2823   728.0
0.2160           2.7053       2.0087       0.6966  1796.4
0.2170           2.7107       1.9425       0.7682  1981.0
0.2180           2.7253       2.2445       0.4808  1239.8
0.2190           2.7386       2.5604       0.1782   459.4
0.2200           2.7554       2.6701       0.0853   220.1
0.2210           2.7517       2.5249       0.2268   584.8
0.2220           2.7455       2.1956       0.5499  1418.0
0.2230           2.7153       1.9120       0.8033  2071.6
0.2240           2.7234       2.0488       0.6745  1739.5
0.2250           2.7876       2.5511       0.2365   610.0
0.2260           2.7924       2.5405       0.2519   649.7
0.2270           2.7468       2.0355       0.7113  1834.4
0.2280           2.7507       1.9124       0.8383  2161.7
0.2290           2.7854       2.2149       0.5705  1471.1
0.2300           2.7886       2.5641       0.2245   579.0
0.2310           2.7986       2.7252       0.0734   189.2
0.2320           2.7995       2.6156       0.1839   474.3
0.2330           2.7821       2.3019       0.4802  1238.4
0.2340           2.7612       2.0133       0.7479  1928.6
0.2350           2.7742       2.0819       0.6923  1785.3
0.2360           2.8187       2.4798       0.3388   873.8
0.2370           2.8259       2.5027       0.3232   833.4
0.2380           2.7954       2.1123       0.6831  1761.7
0.2390           2.8296       1.9944       0.8352  2153.9
0.2400           2.9008       2.2772       0.6236  1608.0
0.2410           2.9532       2.6618       0.2914   751.5
0.2420           2.9599       2.8815       0.0784   202.2
0.2430           2.9540       2.8293       0.1247   321.6
0.2440           2.9438       2.5512       0.3925  1012.2
0.2450           2.9138       2.2329       0.6809  1756.0
0.2460           2.8896       2.1978       0.6918  1783.9
0.2470           2.9220       2.5015       0.4204  1084.2
0.2480           2.9317       2.5556       0.3760   969.6
0.2490           2.8659       2.2161       0.6498  1675.8
0.2500           2.8839       2.0815       0.8024  2069.2
0.2510           2.8950       2.2854       0.6096  1572.1
0.2520           2.9025       2.5910       0.3115   803.4
0.2530           2.9033       2.7985       0.1048   270.2
0.2540           2.9023       2.8266       0.0757   195.1
0.2550           2.9029       2.6852       0.2178   561.6
0.2560           2.8925       2.4704       0.4221  1088.5
0.2570           2.9048       2.2936       0.6112  1576.2
0.2580           2.8982       2.1630       0.7351  1895.8
0.2590           2.8401       2.0897       0.7504  1935.1
0.2600           2.8383       2.2345       0.6039  1557.3
0.2610           2.8733       2.4084       0.4649  1198.8
0.2620           2.8581       2.2783       0.5798  1495.2
0.2630           2.8421       2.2569       0.5852  1509.1
0.2640           2.8671       2.4891       0.3780   974.7
0.2650           2.8904       2.7131       0.1773   457.3
0.2660           2.8854       2.7220       0.1634   421.4
0.2670           2.8995       2.4663       0.4332  1117.2
0.2680           2.8666       2.0772       0.7894  2035.7
0.2690           2.8305       1.9379       0.8926  2301.8
0.2700           2.8808       2.4421       0.4387  1131.4
0.2710           2.9572       2.8210       0.1362   351.3
0.2720           2.8594       2.2751       0.5843  1506.7
0.2730           2.8492       1.9095       0.9397  2423.3
0.2740           2.8375       2.0650       0.7725  1992.1
0.2750           2.8602       2.4074       0.4527  1167.5
0.2760           2.8636       2.6864       0.1772   456.9
0.2770           2.8646       2.7912       0.0734   189.4
0.2780           2.8713       2.7163       0.1550   399.7
0.2790           2.8565       2.5462       0.3102   800.0
0.2800           2.8754       2.3782       0.4972  1282.1
0.2810           2.8726       2.2231       0.6495  1674.9
0.2820           2.8512       2.0548       0.7964  2053.7
0.2830           2.8456       2.0988       0.7468  1925.9
0.2840           2.9041       2.4465       0.4575  1179.9
0.2850           2.8659       2.4675       0.3984  1027.4
0.2860           2.8263       2.2137       0.6126  1579.9
0.2870           2.8510       2.2847       0.5663  1460.4
0.2880           2.8616       2.5235       0.3381   872.0
0.2890           2.8817       2.6385       0.2432   627.2
0.2900           2.8588       2.5198       0.3390   874.2
0.2910           2.8483       2.2510       0.5973  1540.3
0.2920           2.8093       2.1158       0.6936  1788.6
0.2930           2.8503       2.3721       0.4782  1233.1
0.2940           2.8837       2.5198       0.3639   938.5
0.2950           2.8494       2.1651       0.6843  1764.6
0.2960           2.8635       1.9992       0.8643  2228.9
0.2970           2.9210       2.1342       0.7868  2029.1
0.2980           2.9286       2.3504       0.5782  1490.9
0.2990           2.9177       2.5605       0.3572   921.2
0.3000           2.9297       2.7469       0.1828   471.4
0.3010           2.9276       2.8433       0.0843   217.5
0.3020           2.9351       2.7887       0.1465   377.7
0.3030           2.9383       2.5689       0.3694   952.6
0.3040           2.9290       2.2418       0.6872  1772.1
0.3050           2.9081       1.9760       0.9321  2403.6
0.3060           2.8880       2.0413       0.8467  2183.6
0.3070           2.9312       2.5371       0.3941  1016.4
0.3080           2.9674       2.6968       0.2706   697.7
0.3090           2.8889       2.1360       0.7528  1941.4
0.3100           2.9054       1.9688       0.9366  2415.3
0.3110           2.9687       2.2944       0.6744  1739.0
0.3120           2.9966       2.6588       0.3378   871.0
0.3130           2.9863       2.7921       0.1942   500.8
0.3140           2.9718       2.6650       0.3069   791.4
0.3150           2.9643       2.4058       0.5585  1440.3
0.3160           2.9623       2.2930       0.6693  1725.9
0.3170           3.0101       2.4727       0.5374  1385.9
0.3180           3.0240       2.4090       0.6150  1585.9
0.3190           2.9966       2.0748       0.9218  2377.1
0.3200           2.9867       2.0599       0.9267  2389.9
0.3210           3.0106       2.2484       0.7621  1965.4
0.3220           3.0329       2.4108       0.6221  1604.1
0.3230           3.0375       2.6003       0.4372  1127.4
0.3240           3.0092       2.8012       0.2080   536.4
0.3250           3.0308       2.8994       0.1313   338.7
0.3260           3.0296       2.8137       0.2159   556.7
0.3270           3.0157       2.5410       0.4747  1224.1
0.3280           2.9837       2.2116       0.7721  1991.0
0.3290           2.9296       2.0954       0.8342  2151.2
0.3300           2.9578       2.4354       0.5224  1347.2
0.3310           3.0096       2.7251       0.2845   733.6
0.3320           2.9411       2.3636       0.5775  1489.3
0.3330           2.9431       2.1260       0.8171  2107.2
0.3340           2.9539       2.3320       0.6219  1603.7
0.3350           2.9845       2.6637       0.3209   827.5
0.3360           2.9915       2.8613       0.1302   335.9
0.3370           2.9883       2.8185       0.1698   437.9
0.3380           3.0101       2.5431       0.4670  1204.4
0.3390           2.9959       2.1993       0.7966  2054.3
0.3400           2.9809       2.0665       0.9144  2358.0
0.3410           3.0180       2.2668       0.7512  1937.1
0.3420           3.0114       2.4755       0.5360  1382.2
0.3430           2.9842       2.3703       0.6139  1583.1
0.3440           2.9565       2.1059       0.8506  2193.4
0.3450           2.9651       2.1375       0.8275  2134.1
0.3460           2.9857       2.4635       0.5222  1346.6
0.3470           2.9900       2.7715       0.2184   563.3
0.3480           3.0010       2.8615       0.1395   359.8
0.3490           2.9964       2.6783       0.3181   820.3
0.3500           2.9812       2.2925       0.6887  1775.9
0.3510           2.9505       1.9319       1.0185  2626.5
0.3520           2.9187       2.0034       0.9153  2360.4
0.3530           2.9922       2.5765       0.4157  1072.0
0.3540           3.0220       2.6929       0.3291   848.7
0.3550           2.9584       2.1197       0.8387  2162.8
0.3560           2.9413       1.8988       1.0425  2688.4
0.3570           2.9576       2.1912       0.7664  1976.5
0.3580           2.9941       2.5880       0.4061  1047.2
0.3590           3.0001       2.8171       0.1829   471.7
0.3600           2.9980       2.7839       0.2141   552.2
0.3610           2.9816       2.5062       0.4754  1226.1
0.3620           2.9845       2.1330       0.8515  2195.7
0.3630           2.9800       1.9773       1.0027  2585.7
0.3640           2.9855       2.2798       0.7056  1819.7
0.3650           3.0191       2.5694       0.4498  1159.8
0.3660           3.0058       2.3467       0.6591  1699.6
0.3670           2.9450       2.0104       0.9345  2410.0
0.3680           2.9648       2.0384       0.9264  2389.0
0.3690           3.0078       2.3665       0.6413  1653.8
0.3700           3.0482       2.7076       0.3406   878.3
0.3710           3.0492       2.8564       0.1928   497.2
0.3720           3.0591       2.7451       0.3139   809.6
0.3730           3.0451       2.4081       0.6371  1642.9
0.3740           3.0356       2.0206       1.0149  2617.3
0.3750           3.0358       1.9377       1.0981  2831.8
0.3760           3.0728       2.4020       0.6708  1729.7
0.3770           3.1418       2.7497       0.3921  1011.2
0.3780           3.0664       2.2639       0.8025  2069.5
0.3790           3.0532       1.9136       1.1396  2938.8
0.3800           3.1059       2.1793       0.9267  2389.7
0.3810           3.1071       2.6320       0.4751  1225.2
0.3820           3.1093       2.9034       0.2059   530.9
0.3830           3.1082       2.8727       0.2355   607.4
0.3840           3.1006       2.5409       0.5596  1443.2
0.3850           3.0604       2.0919       0.9685  2497.7
0.3860           3.0389       2.0126       1.0264  2646.7
0.3870           3.1245       2.7285       0.3960  1021.2
0.3880           3.1938       3.0038       0.1900   490.0
0.3890           3.0767       2.1952       0.8815  2273.1
0.3900           3.0787       1.9898       1.0889  2808.0
0.3910           3.0911       2.3820       0.7091  1828.6
0.3920           3.1185       2.7922       0.3263   841.5
0.3930           3.1282       2.9460       0.1823   470.0
0.3940           3.1110       2.8059       0.3051   786.7
0.3950           3.0993       2.4673       0.6320  1629.8
0.3960           3.0465       2.1945       0.8520  2197.2
0.3970           3.0570       2.2731       0.7839  2021.6
0.3980           3.0588       2.4076       0.6512  1679.4
0.3990           3.0232       2.2517       0.7715  1989.5
0.4000           2.9974       2.1497       0.8477  2186.1
0.4010           2.9907       2.1586       0.8321  2145.8
0.4020           3.0023       2.2692       0.7331  1890.6
0.4030           3.0235       2.5088       0.5147  1327.4
0.4040           3.0368       2.7462       0.2906   749.3
0.4050           3.0294       2.8391       0.1903   490.6
0.4060           3.0171       2.7260       0.2911   750.7
0.4070           3.0203       2.4314       0.5888  1518.5
0.4080           2.9951       2.0826       0.9125  2353.2
0.4090           2.9536       1.9305       1.0231  2638.4
0.4100           2.9626       2.2025       0.7601  1960.1
0.4110           3.0316       2.6475       0.3840   990.4
0.4120           2.9938       2.4314       0.5624  1450.2
0.4130           2.9439       1.9703       0.9736  2510.6
0.4140           2.9835       2.0501       0.9334  2407.0
0.4150           2.9896       2.4175       0.5721  1475.3
0.4160           2.9918       2.7026       0.2893   746.0
0.4170           2.9939       2.7492       0.2447   631.1
0.4180           2.9706       2.5618       0.4088  1054.2
0.4190           2.9500       2.2705       0.6795  1752.4
0.4200           2.9334       2.1394       0.7941  2047.7
0.4210           2.9737       2.2912       0.6825  1759.9
0.4220           2.9378       2.3434       0.5944  1532.9
0.4230           2.9455       2.2016       0.7439  1918.3
0.4240           2.9184       2.1543       0.7641  1970.4
0.4250           2.8918       2.1668       0.7251  1869.8
0.4260           2.9026       2.2925       0.6101  1573.3
0.4270           2.9441       2.5417       0.4024  1037.7
0.4280           2.9345       2.7571       0.1773   457.3
0.4290           2.9394       2.7875       0.1519   391.7
0.4300           2.9277       2.6006       0.3270   843.3
0.4310           2.9015       2.2618       0.6397  1649.7
0.4320           2.8702       1.9616       0.9086  2343.1
0.4330           2.8476       2.0001       0.8474  2185.4
0.4340           2.8894       2.4512       0.4382  1130.0
0.4350           2.9365       2.6045       0.3320   856.2
0.4360           2.8700       2.1189       0.7511  1936.8
0.4370           2.8599       1.9342       0.9257  2387.2
0.4380           2.8870       2.2283       0.6587  1698.8
0.4390           2.8909       2.5807       0.3103   800.1
0.4400           2.8971       2.7210       0.1762   454.3
0.4410           2.8830       2.5912       0.2918   752.6
0.4420           2.8621       2.2805       0.5816  1499.9
0.4430           2.8240       2.0758       0.7481  1929.3
0.4440           2.8548       2.3082       0.5466  1409.6
0.4450           2.9125       2.6437       0.2688   693.2
0.4460           2.8731       2.3733       0.4999  1289.0
0.4470           2.8249       2.0247       0.8002  2063.5
0.4480           2.8421       2.0856       0.7565  1950.9
0.4490           2.8562       2.3697       0.4865  1254.5
0.4500           2.8703       2.6298       0.2405   620.2
0.4510           2.8753       2.7585       0.1168   301.1
0.4520           2.8720       2.7519       0.1201   309.8
0.4530           2.8645       2.6764       0.1880   484.8
0.4540           2.8725       2.5594       0.3131   807.4
0.4550           2.8627       2.3694       0.4933  1272.2
0.4560           2.8448       2.1214       0.7235  1865.6
0.4570           2.8296       1.9686       0.8610  2220.2
0.4580           2.8342       2.1079       0.7264  1873.1
0.4590           2.8962       2.4508       0.4454  1148.7
0.4600           2.8868       2.4653       0.4214  1086.7
0.4610           2.8679       2.2878       0.5801  1495.9
0.4620           2.8903       2.3683       0.5220  1346.1
0.4630           2.9155       2.5476       0.3679   948.7
0.4640           2.9101       2.5809       0.3292   849.0
0.4650           2.8858       2.3936       0.4922  1269.2
0.4660           2.8354       2.1134       0.7219  1861.8
0.4670           2.8265       2.1006       0.7259  1871.9
0.4680           2.8709       2.5223       0.3485   898.8
0.4690           2.8956       2.5177       0.3779   974.5
0.4700           2.8052       2.0558       0.7494  1932.6
0.4710           2.8232       1.9274       0.8959  2310.2
0.4720           2.8603       2.1116       0.7487  1930.9
0.4730           2.8629       2.3715       0.4914  1267.2
0.4740           2.8770       2.5855       0.2915   751.7
0.4750           2.8802       2.7142       0.1660   428.0
0.4760           2.8737       2.7324       0.1413   364.3
0.4770           2.8635       2.6325       0.2311   595.9
0.4780           2.8493       2.4272       0.4221  1088.6
0.4790           2.8667       2.1533       0.7134  1839.7
0.4800           2.8564       1.9295       0.9268  2390.1
0.4810           2.8242       2.0124       0.8118  2093.4
0.4820           2.8434       2.5007       0.3428   883.9
0.4830           2.8510       2.5740       0.2770   714.4
0.4840           2.7709       2.1072       0.6637  1711.5
0.4850           2.7936       2.0204       0.7732  1994.0
0.4860           2.7891       2.2573       0.5318  1371.4
0.4870           2.8120       2.4616       0.3504   903.6
0.4880           2.8147       2.4970       0.3177   819.2
0.4890           2.7987       2.4105       0.3882  1001.1
0.4900           2.7910       2.3741       0.4169  1075.0
0.4910           2.8166       2.4425       0.3741   964.6
0.4920           2.8088       2.3230       0.4858  1252.7
0.4930           2.7533       2.0109       0.7423  1914.4
0.4940           2.7882       1.9259       0.8623  2223.7
0.4950           2.7835       2.1910       0.5924  1527.8
0.4960           2.8079       2.4643       0.3436   886.1
0.4970           2.7796       2.4487       0.3309   853.4
0.4980           2.7794       2.4166       0.3628   935.6
0.4990           2.7969       2.4968       0.3000   773.8
0.5000           2.8008       2.5240       0.2768   713.8
0.5010           2.7940       2.3809       0.4132  1065.4
0.5020           2.7734       2.1123       0.6611  1704.7
0.5030           2.7467       1.9770       0.7697  1985.0
0.5040           2.7517       2.2967       0.4550  1173.4
0.5050           2.8109       2.5902       0.2207   569.2
0.5060           2.7730       2.2126       0.5604  1445.2
0.5070           2.7713       1.9331       0.8382  2161.6
0.5080           2.7916       2.0291       0.7626  1966.5
0.5090           2.7962       2.2838       0.5124  1321.4
0.5100           2.7860       2.5290       0.2570   662.7
0.5110           2.7730       2.6780       0.0950   244.9
0.5120           2.7709       2.6971       0.0737   190.2
0.5130           2.7688       2.5950       0.1738   448.2
0.5140           2.7667       2.4068       0.3599   928.1
0.5150           2.7324       2.1822       0.5502  1418.7
0.5160           2.7047       1.9912       0.7135  1840.0
0.5170           2.6725       1.9755       0.6969  1797.3
0.5180           2.7064       2.2334       0.4730  1219.7
0.5190           2.7280       2.3841       0.3439   886.9
0.5200           2.6995       2.1411       0.5584  1439.9
0.5210           2.6676       2.0571       0.6105  1574.4
0.5220           2.6757       2.2390       0.4367  1126.2
0.5230           2.6899       2.4087       0.2812   725.2
0.5240           2.6829       2.4010       0.2819   727.0
0.5250           2.6735       2.2327       0.4407  1136.6
0.5260           2.6680       2.1020       0.5660  1459.5
0.5270           2.6837       2.2773       0.4064  1048.1
0.5280           2.7165       2.4798       0.2367   610.3
0.5290           2.6828       2.2034       0.4793  1236.1
0.5300           2.6771       1.9332       0.7439  1918.3
0.5310           2.7110       1.9916       0.7194  1855.1
0.5320           2.7462       2.2113       0.5349  1379.3
0.5330           2.7402       2.4302       0.3100   799.4
0.5340           2.7469       2.5769       0.1701   438.6
0.5350           2.7450       2.6325       0.1126   290.2
0.5360           2.7429       2.5894       0.1536   396.1
0.5370           2.7437       2.4451       0.2986   770.1
0.5380           2.7344       2.2278       0.5066  1306.4
0.5390           2.7373       2.0215       0.7158  1845.8
0.5400           2.7162       2.0073       0.7089  1828.1
0.5410           2.7280       2.3029       0.4251  1096.3
0.5420           2.7434       2.5184       0.2250   580.3
0.5430           2.7139       2.2783       0.4356  1123.2
0.5440           2.7208       2.1447       0.5761  1485.6
0.5450           2.7471       2.3348       0.4122  1063.1
0.5460           2.7748       2.5505       0.2243   578.3
0.5470           2.7800       2.5703       0.2097   540.9
0.5480           2.7747       2.3579       0.4168  1074.8
0.5490           2.7229       2.0731       0.6498  1675.6
0.5500           2.7214       2.0781       0.6433  1659.0
0.5510           2.8020       2.4739       0.3281   846.0
0.5520           2.8001       2.4741       0.3260   840.6
0.5530           2.7357       2.0439       0.6919  1784.2
0.5540           2.7507       1.9238       0.8269  2132.4
0.5550           2.7514       2.1171       0.6343  1635.8
0.5560           2.7566       2.3816       0.3750   967.1
0.5570           2.7663       2.5835       0.1828   471.3
0.5580           2.7782       2.6587       0.1195   308.2
0.5590           2.7711       2.6105       0.1606   414.1
0.5600           2.7567       2.4772       0.2794   720.6
0.5610           2.7503       2.2815       0.4687  1208.8
0.5620           2.7376       2.0539       0.6837  1763.1
0.5630           2.7082       1.9241       0.7840  2021.9
0.5640           2.6909       2.1023       0.5886  1517.9
0.5650           2.6968       2.4340       0.2628   677.7
0.5660           2.6490       2.3131       0.3359   866.1
0.5670           2.6251       2.0610       0.5641  1454.8
0.5680           2.6464       2.1215       0.5249  1353.7
0.5690           2.6551       2.2989       0.3562   918.5
0.5700           2.6494       2.3640       0.2854   736.0
0.5710           2.6435       2.2927       0.3508   904.6
0.5720           2.6249       2.2246       0.4003  1032.3
0.5730           2.6327       2.2955       0.3372   869.6
0.5740           2.6460       2.3251       0.3210   827.7
0.5750           2.6025       2.0974       0.5051  1302.5
0.5760           2.5905       1.9197       0.6708  1729.7
0.5770           2.6371       2.0143       0.6228  1606.0
0.5780           2.6430       2.2344       0.4086  1053.6
0.5790           2.6364       2.3491       0.2873   740.9
0.5800           2.6273       2.3802       0.2471   637.2
0.5810           2.6347       2.4211       0.2136   551.0
0.5820           2.6466       2.4204       0.2261   583.2
0.5830           2.6525       2.3012       0.3513   905.8
0.5840           2.6246       2.0788       0.5458  1407.6
0.5850           2.6032       1.9170       0.6862  1769.4
0.5860           2.5763       2.0931       0.4832  1245.9
0.5870           2.6377       2.4699       0.1678   432.8
0.5880           2.6108       2.3142       0.2965   764.7
0.5890           2.5954       1.9372       0.6582  1697.3
0.5900           2.6407       1.9209       0.7198  1856.3
0.5910           2.6620       2.1423       0.5197  1340.2
0.5920           2.6601       2.3740       0.2860   737.6
0.5930           2.6509       2.5132       0.1377   355.1
0.5940           2.6496       2.5444       0.1051   271.1
0.5950           2.6480       2.4860       0.1620   417.8
0.5960           2.6400       2.3477       0.2924   753.9
0.5970           2.6411       2.1444       0.4967  1280.9
0.5980           2.6150       1.9535       0.6615  1705.9
0.5990           2.6079       1.9387       0.6692  1725.7
0.6000           2.6406       2.2116       0.4290  1106.2
0.6010           2.6869       2.4003       0.2866   739.2
0.6020           2.6534       2.2121       0.4413  1138.1
0.6030           2.6598       2.1244       0.5354  1380.6
0.6040           2.6398       2.2697       0.3700   954.3
0.6050           2.6393       2.3849       0.2544   656.1
0.6060           2.6213       2.3251       0.2962   763.8
0.6070           2.6139       2.1386       0.4753  1225.7
0.6080           2.6080       2.0642       0.5438  1402.3
0.6090           2.6348       2.3277       0.3071   791.9
0.6100           2.6719       2.5317       0.1402   361.5
0.6110           2.6211       2.2306       0.3905  1006.9
0.6120           2.5848       1.9739       0.6109  1575.3
0.6130           2.5952       2.0368       0.5584  1439.9
0.6140           2.6032       2.2270       0.3762   970.2
0.6150           2.6031       2.3759       0.2273   586.1
0.6160           2.5980       2.4451       0.1528   394.1
0.6170           2.5971       2.4540       0.1431   369.0
0.6180           2.6096       2.3975       0.2121   546.9
0.6190           2.6131       2.2372       0.3759   969.4
0.6200           2.6199       2.0213       0.5987  1543.8
0.6210           2.5939       1.8954       0.6985  1801.2
0.6220           2.5892       2.0249       0.5643  1455.3
0.6230           2.6432       2.3400       0.3031   781.7
0.6240           2.6484       2.3869       0.2615   674.5
0.6250           2.6038       2.1985       0.4053  1045.2
0.6260           2.6069       2.1729       0.4340  1119.1
0.6270           2.6072       2.2647       0.3425   883.3
0.6280           2.6125       2.2804       0.3320   856.2
0.6290           2.5892       2.1729       0.4162  1073.4
0.6300           2.5758       2.0903       0.4854  1251.9
0.6310           2.5982       2.2437       0.3545   914.1
0.6320           2.6388       2.4035       0.2352   606.7
0.6330           2.5971       2.1599       0.4372  1127.5
0.6340           2.5785       1.9169       0.6616  1706.2
0.6350           2.5709       1.9655       0.6054  1561.2
0.6360           2.5825       2.1613       0.4212  1086.2
0.6370           2.5821       2.3342       0.2479   639.4
0.6380           2.5802       2.4277       0.1525   393.2
0.6390           2.5901       2.4587       0.1314   338.8
0.6400           2.5871       2.4203       0.1668   430.2
0.6410           2.5761       2.2889       0.2872   740.6
0.6420           2.5765       2.0786       0.4979  1283.9
0.6430           2.5610       1.8990       0.6620  1707.0
0.6440           2.5381       1.9775       0.5606  1445.7
0.6450           2.5912       2.3547       0.2365   610.0
0.6460           2.5929       2.4029       0.1901   490.1
0.6470           2.5409       2.0242       0.5167  1332.5
0.6480           2.5683       1.9025       0.6658  1717.1
0.6490           2.5865       2.0707       0.5158  1330.2
0.6500           2.5962       2.2789       0.3173   818.3
0.6510           2.5989       2.4006       0.1983   511.4
0.6520           2.5850       2.4315       0.1534   395.6
0.6530           2.5762       2.4138       0.1624   418.9
0.6540           2.5694       2.3413       0.2281   588.3
0.6550           2.5682       2.1678       0.4004  1032.6
0.6560           2.5597       1.9607       0.5990  1544.7
0.6570           2.5395       1.9224       0.6171  1591.4
0.6580           2.5434       2.1686       0.3748   966.6
0.6590           2.5647       2.3713       0.1934   498.8
0.6600           2.5292       2.2113       0.3179   819.8
0.6610           2.5408       2.0808       0.4600  1186.3
0.6620           2.5683       2.1534       0.4149  1069.9
0.6630           2.5808       2.2377       0.3431   884.8
0.6640           2.6117       2.2264       0.3853   993.7
0.6650           2.6081       2.2042       0.4039  1041.5
0.6660           2.6350       2.3310       0.3041   784.1
0.6670           2.6706       2.4419       0.2286   589.6
0.6680           2.6643       2.2020       0.4623  1192.2
0.6690           2.6309       1.9201       0.7108  1833.1
0.6700           2.6492       1.9179       0.7313  1885.7
0.6710           2.6521       2.1439       0.5082  1310.6
0.6720           2.6554       2.3743       0.2811   724.9
0.6730           2.6481       2.4171       0.2310   595.7
0.6740           2.6325       2.3735       0.2591   668.0
0.6750           2.6525       2.3424       0.3101   799.7
0.6760           2.6599       2.2613       0.3986  1028.0
0.6770           2.6516       2.0887       0.5629  1451.6
0.6780           2.6135       1.9447       0.6688  1724.8
0.6790           2.6175       2.0992       0.5183  1336.6
0.6800           2.6650       2.4743       0.1908   492.0
0.6810           2.6421       2.3541       0.2879   742.5
0.6820           2.5852       1.9847       0.6004  1548.4
0.6830           2.6408       1.9408       0.7000  1805.0
0.6840           2.6755       2.1267       0.5488  1415.3
0.6850           2.6779       2.3192       0.3588   925.2
0.6860           2.6815       2.4389       0.2426   625.7
0.6870           2.6928       2.5142       0.1786   460.5
0.6880           2.6912       2.5557       0.1355   349.4
0.6890           2.6912       2.5041       0.1870   482.3
0.6900           2.6884       2.3709       0.3175   818.7
0.6910           2.6719       2.2709       0.4010  1034.1
0.6920           2.6763       2.2316       0.4447  1146.7
0.6930           2.6753       2.2100       0.4653  1199.9
0.6940           2.6657       2.2234       0.4423  1140.5
0.6950           2.6687       2.3183       0.3504   903.5
0.6960           2.6846       2.4275       0.2571   663.0
0.6970           2.6784       2.4186       0.2598   670.1
0.6980           2.6736       2.3248       0.3488   899.5
0.6990           2.6726       2.2289       0.4437  1144.3
0.7000           2.6844       2.1129       0.5714  1473.6
0.7010           2.6769       1.9783       0.6986  1801.5
0.7020           2.6718       1.9974       0.6744  1739.2
0.7030           2.7027       2.3488       0.3539   912.6
0.7040           2.7266       2.5420       0.1846   476.0
0.7050           2.6637       2.1814       0.4823  1243.8
0.7060           2.6626       1.9427       0.7199  1856.6
0.7070           2.6943       2.0112       0.6831  1761.5
0.7080           2.6958       2.1616       0.5342  1377.6
0.7090           2.7042       2.3100       0.3942  1016.5
0.7100           2.7136       2.4652       0.2483   640.4
0.7110           2.7196       2.5258       0.1939   499.9
0.7120           2.7077       2.3884       0.3193   823.4
0.7130           2.7013       2.1690       0.5323  1372.7
0.7140           2.6878       1.9946       0.6931  1787.4
0.7150           2.6363       1.9292       0.7071  1823.6
0.7160           2.6051       2.1196       0.4855  1251.9
0.7170           2.6642       2.5012       0.1631   420.5
0.7180           2.6680       2.4765       0.1915   493.8
0.7190           2.6236       2.1325       0.4911  1266.4
0.7200           2.6194       2.0195       0.5999  1547.0
0.7210           2.6075       2.0740       0.5335  1375.8
0.7220           2.6147       2.1473       0.4674  1205.3
0.7230           2.6336       2.2637       0.3700   954.0
0.7240           2.6546       2.4448       0.2099   541.2
0.7250           2.6626       2.4527       0.2099   541.2
0.7260           2.6392       2.2024       0.4367  1126.2
0.7270           2.6456       1.9819       0.6637  1711.4
0.7280           2.6373       1.9267       0.7106  1832.4
0.7290           2.6497       2.0767       0.5730  1477.5
0.7300           2.6743       2.4152       0.2591   668.2
0.7310           2.6826       2.5173       0.1652   426.0
0.7320           2.6327       2.2756       0.3570   920.7
0.7330           2.6482       2.1164       0.5318  1371.5
0.7340           2.6796       2.0972       0.5824  1501.8
0.7350           2.7203       2.1000       0.6203  1599.6
0.7360           2.6947       2.1708       0.5239  1351.1
0.7370           2.6953       2.3958       0.2995   772.5
0.7380           2.7150       2.5000       0.2151   554.6
0.7390           2.6818       2.2388       0.4430  1142.3
0.7400           2.6506       1.9776       0.6731  1735.7
0.7410           2.6525       1.9280       0.7245  1868.3
0.7420           2.6541       2.0542       0.5999  1547.0
0.7430           2.6640       2.3335       0.3305   852.2
0.7440           2.6741       2.5342       0.1400   360.9
0.7450           2.6475       2.4292       0.2182   562.8
0.7460           2.6453       2.2505       0.3948  1018.2
0.7470           2.6636       2.1572       0.5064  1305.8
0.7480           2.6614       2.0795       0.5818  1500.4
0.7490           2.6531       2.0169       0.6363  1640.8
0.7500           2.6527       2.1560       0.4966  1280.7
0.7510           2.6972       2.4771       0.2201   567.6
0.7520           2.6880       2.3901       0.2979   768.3
0.7530           2.6551       2.0182       0.6369  1642.4
0.7540           2.6710       1.9151       0.7559  1949.2
0.7550           2.6777       2.0342       0.6435  1659.4
0.7560           2.6937       2.2398       0.4539  1170.5
0.7570           2.7036       2.4747       0.2289   590.3
0.7580           2.7095       2.5953       0.1142   294.6
0.7590           2.6996       2.5207       0.1789   461.4
0.7600           2.6850       2.3851       0.2999   773.3
0.7610           2.7002       2.2587       0.4415  1138.4
0.7620           2.7059       2.1259       0.5800  1495.8
0.7630           2.6953       2.0540       0.6412  1653.6
0.7640           2.6989       2.2211       0.4778  1232.2
0.7650           2.7448       2.5601       0.1847   476.3
0.7660           2.7404       2.5689       0.1715   442.3
0.7670           2.6945       2.3187       0.3757   969.0
0.7680           2.6925       2.2825       0.4100  1057.4
0.7690           2.7159       2.4069       0.3089   796.6
0.7700           2.7104       2.4594       0.2509   647.1
0.7710           2.6976       2.3268       0.3708   956.3
0.7720           2.6817       2.0850       0.5967  1538.9
0.7730           2.6312       1.9922       0.6390  1647.9
0.7740           2.6700       2.2477       0.4223  1089.0
0.7750           2.7142       2.4073       0.3069   791.4
0.7760           2.6681       2.1005       0.5677  1463.9
0.7770           2.6812       1.8906       0.7906  2038.8
0.7780           2.7083       2.0019       0.7064  1821.7
0.7790           2.7093       2.2399       0.4694  1210.6
0.7800           2.7123       2.4392       0.2731   704.3
0.7810           2.7162       2.5404       0.1759   453.5
0.7820           2.7269       2.5429       0.1840   474.4
0.7830           2.7308       2.4629       0.2679   690.8
0.7840           2.7337       2.3076       0.4262  1099.0
0.7850           2.7455       2.0959       0.6496  1675.3
0.7860           2.7228       1.9215       0.8013  2066.4
0.7870           2.7116       1.9605       0.7511  1937.0
0.7880           2.7393       2.2319       0.5074  1308.5
0.7890           2.7374       2.2904       0.4471  1152.9
0.7900           2.7003       2.0782       0.6221  1604.2
0.7910           2.7282       2.0471       0.6811  1756.3
0.7920           2.7414       2.1972       0.5442  1403.5
0.7930           2.7114       2.3121       0.3992  1029.6
0.7940           2.7112       2.3099       0.4013  1034.8
0.7950           2.7250       2.2773       0.4478  1154.7
0.7960           2.7219       2.3501       0.3717   958.6
0.7970           2.7454       2.4095       0.3359   866.1
0.7980           2.7239       2.1982       0.5257  1355.7
0.7990           2.7057       1.9393       0.7664  1976.4
0.8000           2.6718       1.9102       0.7616  1964.1
0.8010           2.6837       2.0870       0.5967  1538.7
0.8020           2.6946       2.2565       0.4381  1129.7
0.8030           2.6969       2.2854       0.4115  1061.3
0.8040           2.6824       2.2657       0.4167  1074.7
0.8050           2.7025       2.2661       0.4364  1125.4
0.8060           2.7438       2.2248       0.5190  1338.4
0.8070           2.7320       2.1081       0.6240  1609.1
0.8080           2.7172       2.0201       0.6971  1797.6
0.8090           2.7082       2.1744       0.5339  1376.7
0.8100           2.7388       2.4304       0.3084   795.3
0.8110           2.7260       2.2504       0.4756  1226.6
0.8120           2.7010       1.9344       0.7667  1977.0
0.8130           2.7133       1.9060       0.8073  2081.8
0.8140           2.7362       2.0596       0.6765  1744.6
0.8150           2.7224       2.2360       0.4864  1254.3
0.8160           2.7217       2.3585       0.3632   936.7
0.8170           2.7164       2.3948       0.3216   829.3
0.8180           2.7200       2.3343       0.3857   994.6
0.8190           2.7185       2.1965       0.5220  1346.1
0.8200           2.7259       2.0258       0.7000  1805.3
0.8210           2.7184       1.9186       0.7998  2062.6
0.8220           2.6899       2.0409       0.6490  1673.7
0.8230           2.7301       2.3826       0.3475   896.1
0.8240           2.7413       2.4741       0.2671   688.8
0.8250           2.7047       2.2543       0.4503  1161.3
0.8260           2.7226       2.2231       0.4994  1287.9
0.8270           2.7244       2.3876       0.3368   868.6
0.8280           2.7266       2.4909       0.2358   608.0
0.8290           2.7305       2.4101       0.3204   826.3
0.8300           2.7181       2.2031       0.5150  1328.0
0.8310           2.6933       2.1096       0.5837  1505.3
0.8320           2.7064       2.3280       0.3784   975.8
0.8330           2.7130       2.4647       0.2482   640.2
0.8340           2.6588       2.1710       0.4878  1257.9
0.8350           2.6377       1.9490       0.6887  1776.0
0.8360           2.6432       2.0175       0.6256  1613.4
0.8370           2.6534       2.1742       0.4792  1235.8
0.8380           2.6524       2.2710       0.3814   983.5
0.8390           2.6396       2.2896       0.3500   902.5
0.8400           2.6407       2.2694       0.3713   957.4
0.8410           2.6653       2.2206       0.4447  1146.7
0.8420           2.6843       2.0980       0.5863  1512.0
0.8430           2.6830       1.9420       0.7410  1911.0
0.8440           2.6755       1.9041       0.7714  1989.2
0.8450           2.6782       2.0568       0.6214  1602.5
0.8460           2.6809       2.2133       0.4676  1205.8
0.8470           2.6638       2.1999       0.4639  1196.4
0.8480           2.6475       2.1734       0.4742  1222.7
0.8490           2.6557       2.2213       0.4344  1120.3
0.8500           2.6570       2.2443       0.4126  1064.0
0.8510           2.6569       2.1654       0.4915  1267.4
0.8520           2.6429       2.0311       0.6117  1577.6
0.8530           2.6127       2.0037       0.6090  1570.6
0.8540           2.6459       2.1515       0.4944  1275.0
0.8550           2.6708       2.1966       0.4742  1222.8
0.8560           2.6301       2.0069       0.6232  1607.2
0.8570           2.6540       1.8970       0.7570  1952.2
0.8580           2.6595       1.9788       0.6807  1755.4
0.8590           2.6415       2.1464       0.4951  1276.8
0.8600           2.6407       2.2954       0.3453   890.5
0.8610           2.6859       2.3810       0.3049   786.3
0.8620           2.6686       2.3782       0.2904   748.9
0.8630           2.7072       2.2806       0.4266  1100.1
0.8640           2.7068       2.1128       0.5941  1531.9
0.8650           2.7108       1.9427       0.7681  1980.8
0.8660           2.6982       1.8973       0.8009  2065.3
0.8670           2.7287       2.0641       0.6646  1713.8
0.8680           2.7603       2.2301       0.5302  1367.4
0.8690           2.7420       2.0966       0.6454  1664.3
0.8700           2.7098       1.9728       0.7370  1900.5
0.8710           2.7396       2.0889       0.6507  1678.1
0.8720           2.7584       2.2713       0.4871  1256.1
0.8730           2.7369       2.3371       0.3998  1031.1
0.8740           2.7178       2.2613       0.4565  1177.2
0.8750           2.7043       2.1762       0.5281  1362.0
0.8760           2.7205       2.2893       0.4312  1112.1
0.8770           2.7454       2.5167       0.2287   589.8
0.8780           2.7379       2.4355       0.3024   779.8
0.8790           2.7151       2.1672       0.5478  1412.8
0.8800           2.7156       2.1199       0.5957  1536.1
0.8810           2.7154       2.2270       0.4884  1259.4
0.8820           2.7150       2.2917       0.4233  1091.6
0.8830           2.6928       2.2717       0.4211  1085.9
0.8840           2.7020       2.2360       0.4660  1201.7
0.8850           2.7137       2.2399       0.4737  1221.6
0.8860           2.7262       2.1786       0.5475  1412.0
0.8870           2.6996       1.9965       0.7032  1813.3
0.8880           2.6824       1.8952       0.7872  2030.0
0.8890           2.7100       2.0101       0.6999  1804.9
0.8900           2.7112       2.2229       0.4883  1259.2
0.8910           2.7077       2.3170       0.3907  1007.5
0.8920           2.6944       2.3232       0.3712   957.2
0.8930           2.6967       2.3548       0.3419   881.7
0.8940           2.7053       2.3800       0.3253   838.9
0.8950           2.6922       2.3068       0.3854   993.9
0.8960           2.6853       2.1116       0.5737  1479.5
0.8970           2.6589       1.9363       0.7227  1863.6
0.8980           2.6539       2.0303       0.6236  1608.0
0.8990           2.6896       2.3225       0.3671   946.7
0.9000           2.6713       2.2479       0.4233  1091.7
0.9010           2.6458       1.9544       0.6914  1783.0
0.9020           2.6411       1.9131       0.7280  1877.4
0.9030           2.6541       2.0876       0.5665  1460.8
0.9040           2.6450       2.3014       0.3436   886.0
0.9050           2.6335       2.4506       0.1829   471.6
0.9060           2.6288       2.4990       0.1299   334.9
0.9070           2.6336       2.4488       0.1848   476.5
0.9080           2.6306       2.3214       0.3092   797.4
0.9090           2.6287       2.1433       0.4854  1251.8
0.9100           2.6082       1.9729       0.6353  1638.2
0.9110           2.5620       1.9323       0.6297  1623.9
0.9120           2.6123       2.1174       0.4949  1276.2
0.9130           2.6904       2.2959       0.3945  1017.2
0.9140           2.6961       2.1424       0.5537  1427.8
0.9150           2.6923       2.0042       0.6880  1774.3
0.9160           2.7011       2.1168       0.5843  1506.7
0.9170           2.7241       2.2924       0.4318  1113.5
0.9180           2.7298       2.3602       0.3696   953.2
0.9190           2.7373       2.3099       0.4274  1102.1
0.9200           2.7378       2.2767       0.4611  1189.1
0.9210           2.7552       2.3701       0.3850   992.9
0.9220           2.7561       2.3589       0.3971  1024.2
0.9230           2.7188       2.0854       0.6335  1633.6
0.9240           2.6677       1.8934       0.7743  1996.6
0.9250           2.6598       1.9617       0.6981  1800.3
0.9260           2.6941       2.1706       0.5235  1350.0
0.9270           2.6713       2.2976       0.3737   963.7
0.9280           2.6684       2.3024       0.3659   943.7
0.9290           2.6729       2.3026       0.3703   954.8
0.9300           2.6758       2.2916       0.3842   990.7
0.9310           2.6636       2.1918       0.4717  1216.5
0.9320           2.6417       2.0192       0.6224  1605.1
0.9330           2.6035       1.9582       0.6453  1664.0
0.9340           2.6217       2.2166       0.4051  1044.7
0.9350           2.6589       2.4974       0.1615   416.6
0.9360           2.6293       2.2697       0.3596   927.3
0.9370           2.5925       2.0117       0.5808  1497.8
0.9380           2.6081       2.0729       0.5352  1380.1
0.9390           2.6250       2.2593       0.3657   943.1
0.9400           2.6292       2.3761       0.2531   652.8
0.9410           2.6289       2.3883       0.2405   620.3
0.9420           2.6203       2.3781       0.2422   624.7
0.9430           2.6116       2.4244       0.1872   482.7
0.9440           2.6077       2.4303       0.1773   457.3
0.9450           2.6109       2.2926       0.3183   820.9
0.9460           2.6031       2.1167       0.4863  1254.1
0.9470           2.5857       2.0265       0.5592  1442.0
0.9480           2.5966       2.0445       0.5521  1423.7
0.9490           2.5992       2.1537       0.4455  1148.9
0.9500           2.6217       2.2958       0.3259   840.4
0.9510           2.6375       2.3557       0.2818   726.8
0.9520           2.6329       2.2816       0.3514   906.1
0.9530           2.6444       2.1512       0.4932  1271.8
0.9540           2.6089       2.0342       0.5747  1482.0
0.9550           2.6226       1.9496       0.6730  1735.6
0.9560           2.5972       1.9885       0.6086  1569.5
0.9570           2.6016       2.2390       0.3626   935.0
0.9580           2.6277       2.4099       0.2178   561.8
0.9590           2.6043       2.2134       0.3909  1008.1
0.9600           2.6102       2.0059       0.6043  1558.3
0.9610           2.5924       1.9982       0.5942  1532.3
0.9620           2.6045       2.0722       0.5323  1372.8
0.9630           2.6111       2.1508       0.4603  1187.1
0.9640           2.6077       2.2574       0.3503   903.4
0.9650           2.6401       2.3383       0.3018   778.4
0.9660           2.6376       2.2448       0.3929  1013.1
0.9670           2.6323       2.0375       0.5949  1534.1
0.9680           2.6310       1.9070       0.7240  1866.9
0.9690           2.5972       1.9377       0.6595  1700.7
0.9700           2.5974       2.1413       0.4561  1176.2
0.9710           2.6122       2.3567       0.2555   658.8
0.9720           2.5914       2.3239       0.2674   689.7
0.9730           2.5823       2.1750       0.4073  1050.4
0.9740           2.5777       2.1131       0.4646  1198.0
0.9750           2.5821       2.0857       0.4964  1280.0
0.9760           2.5852       2.0407       0.5444  1404.0
0.9770           2.5628       2.0701       0.4926  1270.4
0.9780           2.5780       2.2452       0.3328   858.2
0.9790           2.5934       2.2987       0.2947   760.0
0.9800           2.5867       2.0615       0.5253  1354.5
0.9810           2.5755       1.8909       0.6846  1765.4
0.9820           2.5892       1.9403       0.6489  1673.3
0.9830           2.6268       2.1301       0.4967  1280.9
0.9840           2.6570       2.3394       0.3176   819.0
0.9850           2.6561       2.4316       0.2245   579.0
0.9860           2.6479       2.3965       0.2515   648.5
0.9870           2.6372       2.3178       0.3194   823.6
0.9880           2.6442       2.2063       0.4379  1129.2
0.9890           2.6413       2.0440       0.5973  1540.4
0.9900           2.6328       1.9149       0.7179  1851.4
0.9910           2.6251       2.0168       0.6083  1568.7
0.9920           2.6843       2.3370       0.3474   895.8
0.9930           2.6760       2.2982       0.3779   974.4
0.9940           2.6189       1.9768       0.6421  1655.8
0.9950           2.6714       1.9132       0.7582  1955.2
0.9960           2.6828       2.0733       0.6096  1571.9
0.9970           2.6798       2.2541       0.4258  1098.0
0.9980           2.6913       2.3815       0.3098   798.8
0.9990           2.6805       2.4586       0.2219   572.1
1.0000           2.6895       2.4691       0.2204   568.3
