Time[ps]      Etot[eV]     Epot[eV]     Ekin[eV]    T[K]
0.0000           5.4819       5.4819       0.0000     0.0
0.0010           5.4858       5.4819       0.0038     0.5
0.0020           5.4906       5.4819       0.0087     1.3
0.0030           5.4945       5.4818       0.0127     1.8
0.0040           5.4982       5.4816       0.0166     2.4
0.0050           5.5024       5.4814       0.0210     3.0
0.0060           5.5055       5.4810       0.0245     3.5
0.0070           5.5115       5.4803       0.0313     4.5
0.0080           5.5152       5.4793       0.0359     5.1
0.0090           5.5209       5.4779       0.0430     6.2
0.0100           5.5266       5.4759       0.0507     7.3
0.0110           5.5258       5.4735       0.0524     7.5
0.0120           5.5354       5.4702       0.0652     9.3
0.0130           5.5426       5.4656       0.0770    11.0
0.0140           5.5418       5.4596       0.0822    11.8
0.0150           5.5457       5.4520       0.0937    13.4
0.0160           5.5414       5.4424       0.0991    14.2
0.0170           5.5453       5.4303       0.1150    16.5
0.0180           5.5466       5.4149       0.1318    18.9
0.0190           5.5487       5.3953       0.1535    22.0
0.0200           5.5560       5.3702       0.1858    26.6
0.0210           5.5610       5.3382       0.2227    31.9
0.0220           5.5680       5.2973       0.2707    38.8
0.0230           5.5763       5.2450       0.3312    47.5
0.0240           5.5871       5.1777       0.4094    58.6
0.0250           5.5858       5.0924       0.4934    70.7
0.0260           5.5931       4.9846       0.6085    87.2
0.0270           5.5944       4.8490       0.7455   106.8
0.0280           5.5917       4.6792       0.9125   130.7
0.0290           5.5943       4.4694       1.1250   161.2
0.0300           5.6129       4.2088       1.4041   201.2
0.0310           5.6088       3.8903       1.7184   246.2
0.0320           5.6457       3.5049       2.1408   306.7
0.0330           5.6513       3.0436       2.6077   373.6
0.0340           5.6352       2.5057       3.1295   448.3
0.0350           5.6446       1.8897       3.7549   538.0
0.0360           5.6567       1.1994       4.4573   638.6
0.0370           5.6848       0.4450       5.2398   750.7
0.0380           5.7084      -0.3568       6.0652   868.9
0.0390           5.6851      -1.1784       6.8634   983.3
0.0400           5.6428      -1.9937       7.6365  1094.1
0.0410           5.5797      -2.7725       8.3522  1196.6
0.0420           5.5832      -3.4889       9.0720  1299.7
0.0430           5.5432      -4.1212       9.6644  1384.6
0.0440           5.5177      -4.6536      10.1714  1457.2
0.0450           5.4669      -5.0777      10.5446  1510.7
0.0460           5.4329      -5.3925      10.8254  1550.9
0.0470           5.3933      -5.6052      10.9985  1575.7
0.0480           5.4696      -5.7257      11.1953  1603.9
0.0490           5.3847      -5.7658      11.1505  1597.5
0.0500           5.3095      -5.7400      11.0495  1583.0
0.0510           5.3062      -5.6619      10.9681  1571.4
0.0520           5.2548      -5.5455      10.8003  1547.3
0.0530           5.2656      -5.4055      10.6712  1528.8
0.0540           5.2752      -5.2584      10.5336  1509.1
0.0550           5.2792      -5.1158      10.3949  1489.2
0.0560           5.2611      -4.9846      10.2457  1467.9
0.0570           5.2435      -4.8769      10.1204  1449.9
0.0580           5.2751      -4.7973      10.0724  1443.0
0.0590           5.2543      -4.7461      10.0004  1432.7
0.0600           5.2657      -4.7158       9.9815  1430.0
0.0610           5.2729      -4.7009       9.9738  1428.9
0.0620           5.2471      -4.6900       9.9371  1423.6
0.0630           5.2883      -4.6705       9.9588  1426.7
0.0640           5.2100      -4.6364       9.8464  1410.6
0.0650           5.1072      -4.5800       9.6872  1387.8
0.0660           5.0969      -4.5009       9.5978  1375.0
0.0670           5.0932      -4.4002       9.4934  1360.1
0.0680           5.0755      -4.2838       9.3593  1340.9
0.0690           5.0588      -4.1565       9.2154  1320.2
0.0700           5.0683      -4.0261       9.0944  1302.9
0.0710           5.0511      -3.9031       8.9542  1282.8
0.0720           4.9645      -3.7929       8.7574  1254.6
0.0730           4.9755      -3.7011       8.6766  1243.1
0.0740           4.9669      -3.6333       8.6003  1232.1
0.0750           4.9620      -3.5943       8.5564  1225.8
0.0760           4.9658      -3.5911       8.5569  1225.9
0.0770           4.9222      -3.6231       8.5453  1224.3
0.0780           4.9595      -3.6904       8.6499  1239.2
0.0790           4.9491      -3.7860       8.7350  1251.4
0.0800           4.9414      -3.9029       8.8443  1267.1
0.0810           4.9111      -4.0328       8.9439  1281.4
0.0820           4.9521      -4.1723       9.1245  1307.2
0.0830           4.9930      -4.3151       9.3081  1333.5
0.0840           4.9477      -4.4551       9.4028  1347.1
0.0850           4.9519      -4.5898       9.5418  1367.0
0.0860           4.9680      -4.7171       9.6852  1387.5
0.0870           4.9914      -4.8267       9.8180  1406.6
0.0880           4.9758      -4.9130       9.8888  1416.7
0.0890           4.9914      -4.9726       9.9640  1427.5
0.0900           4.9435      -5.0029       9.9464  1425.0
0.0910           4.9803      -5.0069       9.9871  1430.8
0.0920           4.9205      -4.9903       9.9108  1419.9
0.0930           4.8762      -4.9637       9.8399  1409.7
0.0940           4.8149      -4.9351       9.7500  1396.8
0.0950           4.7603      -4.9113       9.6716  1385.6
0.0960           4.6802      -4.8931       9.5733  1371.5
0.0970           4.7203      -4.8828       9.6031  1375.8
0.0980           4.7019      -4.8775       9.5794  1372.4
0.0990           4.6582      -4.8664       9.5245  1364.5
0.1000           4.5618      -4.8391       9.4009  1346.8
0.1010           4.5255      -4.7919       9.3175  1334.9
0.1020           4.5282      -4.7292       9.2574  1326.3
0.1030           4.5678      -4.6592       9.2270  1321.9
0.1040           4.6019      -4.5911       9.1931  1317.0
0.1050           4.5915      -4.5313       9.1227  1307.0
0.1060           4.5337      -4.4770       9.0107  1290.9
0.1070           4.5032      -4.4263       8.9295  1279.3
0.1080           4.4905      -4.3755       8.8659  1270.2
0.1090           4.4652      -4.3181       8.7833  1258.3
0.1100           4.4467      -4.2486       8.6953  1245.7
0.1110           4.3929      -4.1654       8.5583  1226.1
0.1120           4.3333      -4.0682       8.4014  1203.6
0.1130           4.2910      -3.9549       8.2459  1181.4
0.1140           4.2588      -3.8360       8.0948  1159.7
0.1150           4.1992      -3.7187       7.9179  1134.4
0.1160           4.2095      -3.6190       7.8284  1121.5
0.1170           4.1695      -3.5515       7.7211  1106.2
0.1180           4.1140      -3.5248       7.6388  1094.4
0.1190           4.1056      -3.5471       7.6527  1096.4
0.1200           4.1363      -3.6238       7.7602  1111.8
0.1210           4.0934      -3.7556       7.8490  1124.5
0.1220           4.0954      -3.9384       8.0338  1151.0
0.1230           4.1061      -4.1640       8.2701  1184.8
0.1240           4.0566      -4.4194       8.4760  1214.3
0.1250           4.0579      -4.6878       8.7457  1253.0
0.1260           3.9869      -4.9520       8.9388  1280.6
0.1270           3.9624      -5.1982       9.1606  1312.4
0.1280           3.9401      -5.4156       9.3557  1340.4
0.1290           3.9436      -5.5935       9.5371  1366.3
0.1300           3.9223      -5.7263       9.6487  1382.3
0.1310           3.8692      -5.8089       9.6781  1386.5
0.1320           3.8527      -5.8386       9.6913  1388.4
0.1330           3.8339      -5.8136       9.6475  1382.1
0.1340           3.8187      -5.7382       9.5569  1369.2
0.1350           3.8385      -5.6210       9.4595  1355.2
0.1360           3.8546      -5.4794       9.3340  1337.2
0.1370           3.8717      -5.3364       9.2081  1319.2
0.1380           3.8603      -5.2099       9.0702  1299.5
0.1390           3.8242      -5.1152       8.9394  1280.7
0.1400           3.8183      -5.0581       8.8763  1271.7
0.1410           3.7544      -5.0342       8.7887  1259.1
0.1420           3.7139      -5.0313       8.7452  1252.9
0.1430           3.7134      -5.0336       8.7470  1253.1
0.1440           3.7563      -5.0286       8.7849  1258.6
0.1450           3.7420      -5.0063       8.7483  1253.3
0.1460           3.7074      -4.9598       8.6672  1241.7
0.1470           3.7036      -4.8890       8.5926  1231.0
0.1480           3.6362      -4.7957       8.4319  1208.0
0.1490           3.6280      -4.6847       8.3128  1190.9
0.1500           3.6270      -4.5630       8.1900  1173.3
0.1510           3.5972      -4.4339       8.0311  1150.6
0.1520           3.5445      -4.3029       7.8474  1124.3
0.1530           3.5296      -4.1728       7.7023  1103.5
0.1540           3.5316      -4.0472       7.5788  1085.8
0.1550           3.5531      -3.9340       7.4871  1072.6
0.1560           3.5730      -3.8398       7.4128  1062.0
0.1570           3.5597      -3.7710       7.3308  1050.3
0.1580           3.5246      -3.7277       7.2524  1039.0
0.1590           3.5349      -3.7116       7.2465  1038.2
0.1600           3.5532      -3.7242       7.2774  1042.6
0.1610           3.5063      -3.7645       7.2708  1041.7
0.1620           3.4789      -3.8313       7.3102  1047.3
0.1630           3.5051      -3.9216       7.4267  1064.0
0.1640           3.4698      -4.0304       7.5002  1074.5
0.1650           3.4878      -4.1549       7.6427  1094.9
0.1660           3.5417      -4.2919       7.8337  1122.3
0.1670           3.5207      -4.4371       7.9578  1140.1
0.1680           3.5304      -4.5841       8.1144  1162.5
0.1690           3.5303      -4.7273       8.2576  1183.0
0.1700           3.4775      -4.8620       8.3395  1194.8
0.1710           3.5121      -4.9888       8.5009  1217.9
0.1720           3.5368      -5.1054       8.6422  1238.1
0.1730           3.5622      -5.2136       8.7758  1257.3
0.1740           3.4818      -5.3118       8.7935  1259.8
0.1750           3.4666      -5.3968       8.8633  1269.8
0.1760           3.4933      -5.4645       8.9578  1283.3
0.1770           3.4309      -5.5113       8.9421  1281.1
0.1780           3.3757      -5.5301       8.9058  1275.9
0.1790           3.3580      -5.5177       8.8756  1271.6
0.1800           3.2854      -5.4730       8.7583  1254.8
0.1810           3.2438      -5.3975       8.6413  1238.0
0.1820           3.2003      -5.3006       8.5008  1217.9
0.1830           3.2112      -5.1884       8.3996  1203.4
0.1840           3.2348      -5.0679       8.3027  1189.5
0.1850           3.2277      -4.9497       8.1774  1171.5
0.1860           3.2152      -4.8462       8.0614  1154.9
0.1870           3.2397      -4.7651       8.0048  1146.8
0.1880           3.2105      -4.7080       7.9186  1134.5
0.1890           3.2068      -4.6725       7.8792  1128.8
0.1900           3.1793      -4.6547       7.8340  1122.3
0.1910           3.1682      -4.6490       7.8172  1119.9
0.1920           3.1801      -4.6515       7.8316  1122.0
0.1930           3.1498      -4.6567       7.8065  1118.4
0.1940           3.1553      -4.6609       7.8162  1119.8
0.1950           3.1553      -4.6671       7.8224  1120.7
0.1960           3.1220      -4.6747       7.7967  1117.0
0.1970           3.1288      -4.6865       7.8153  1119.7
0.1980           3.1526      -4.7004       7.8530  1125.1
0.1990           3.1232      -4.7202       7.8434  1123.7
0.2000           3.1175      -4.7447       7.8622  1126.4
0.2010           3.1261      -4.7767       7.9028  1132.2
0.2020           3.1266      -4.8209       7.9475  1138.6
0.2030           3.1168      -4.8739       7.9907  1144.8
0.2040           3.0718      -4.9297       8.0016  1146.4
0.2050           3.1096      -4.9866       8.0962  1159.9
0.2060           3.1201      -5.0360       8.1561  1168.5
0.2070           3.0702      -5.0785       8.1487  1167.4
0.2080           3.0187      -5.1159       8.1345  1165.4
0.2090           2.9993      -5.1511       8.1503  1167.7
0.2100           2.9768      -5.1845       8.1613  1169.2
0.2110           2.9357      -5.2177       8.1534  1168.1
0.2120           2.9241      -5.2506       8.1747  1171.2
0.2130           2.9297      -5.2813       8.2110  1176.4
0.2140           2.8828      -5.3120       8.1948  1174.0
0.2150           2.8574      -5.3405       8.1979  1174.5
0.2160           2.8563      -5.3678       8.2241  1178.2
0.2170           2.8779      -5.3965       8.2744  1185.4
0.2180           2.8616      -5.4252       8.2868  1187.2
0.2190           2.8403      -5.4551       8.2954  1188.4
0.2200           2.8823      -5.4839       8.3662  1198.6
0.2210           2.8974      -5.5102       8.4076  1204.5
0.2220           2.8534      -5.5313       8.3847  1201.2
0.2230           2.8360      -5.5436       8.3795  1200.5
0.2240           2.8048      -5.5422       8.3470  1195.8
0.2250           2.8028      -5.5257       8.3285  1193.2
0.2260           2.8228      -5.4982       8.3209  1192.1
0.2270           2.8167      -5.4606       8.2773  1185.8
0.2280           2.7747      -5.4109       8.1855  1172.7
0.2290           2.7904      -5.3512       8.1416  1166.4
0.2300           2.7981      -5.2825       8.0806  1157.7
0.2310           2.7627      -5.2082       7.9710  1142.0
0.2320           2.7735      -5.1260       7.8995  1131.7
0.2330           2.7340      -5.0356       7.7695  1113.1
0.2340           2.6838      -4.9405       7.6243  1092.3
0.2350           2.6769      -4.8434       7.5203  1077.4
0.2360           2.6546      -4.7453       7.3999  1060.2
0.2370           2.7090      -4.6499       7.3589  1054.3
0.2380           2.7392      -4.5643       7.3035  1046.3
0.2390           2.7178      -4.4937       7.2115  1033.2
0.2400           2.7518      -4.4404       7.1922  1030.4
0.2410           2.7447      -4.4080       7.1527  1024.7
0.2420           2.7725      -4.3994       7.1719  1027.5
0.2430           2.7963      -4.4127       7.2090  1032.8
0.2440           2.7910      -4.4456       7.2366  1036.8
0.2450           2.7990      -4.4948       7.2939  1045.0
0.2460           2.7991      -4.5577       7.3567  1054.0
0.2470           2.7749      -4.6309       7.4058  1061.0
0.2480           2.7507      -4.7124       7.4631  1069.2
0.2490           2.6858      -4.7978       7.4836  1072.1
0.2500           2.6614      -4.8859       7.5473  1081.3
0.2510           2.6251      -4.9758       7.6009  1088.9
0.2520           2.6074      -5.0702       7.6776  1099.9
0.2530           2.6156      -5.1733       7.7889  1115.9
0.2540           2.6242      -5.2844       7.9086  1133.0
0.2550           2.6288      -5.4009       8.0297  1150.4
0.2560           2.5994      -5.5169       8.1163  1162.8
0.2570           2.5585      -5.6243       8.1828  1172.3
0.2580           2.5888      -5.7175       8.3064  1190.0
0.2590           2.5964      -5.7925       8.3889  1201.8
0.2600           2.6106      -5.8486       8.4591  1211.9
0.2610           2.5886      -5.8866       8.4752  1214.2
0.2620           2.5570      -5.9070       8.4640  1212.6
0.2630           2.5504      -5.9161       8.4666  1213.0
0.2640           2.5519      -5.9152       8.4671  1213.0
0.2650           2.5356      -5.9061       8.4417  1209.4
0.2660           2.5479      -5.8921       8.4400  1209.2
0.2670           2.5222      -5.8717       8.3939  1202.6
0.2680           2.4863      -5.8455       8.3318  1193.7
0.2690           2.4330      -5.8140       8.2469  1181.5
0.2700           2.3973      -5.7757       8.1729  1170.9
0.2710           2.3730      -5.7315       8.1045  1161.1
0.2720           2.3788      -5.6813       8.0601  1154.7
0.2730           2.3447      -5.6253       7.9700  1141.8
0.2740           2.3180      -5.5656       7.8836  1129.4
0.2750           2.2473      -5.5048       7.7521  1110.6
0.2760           2.2320      -5.4441       7.6761  1099.7
0.2770           2.2118      -5.3877       7.5995  1088.8
0.2780           2.1521      -5.3386       7.4906  1073.1
0.2790           2.1136      -5.2976       7.4112  1061.8
0.2800           2.0591      -5.2636       7.3227  1049.1
0.2810           1.9789      -5.2334       7.2123  1033.3
0.2820           1.9884      -5.2046       7.1929  1030.5
0.2830           2.0330      -5.1739       7.2069  1032.5
0.2840           2.0450      -5.1383       7.1833  1029.1
0.2850           2.0439      -5.0970       7.1409  1023.1
0.2860           2.0620      -5.0525       7.1145  1019.3
0.2870           2.0456      -5.0077       7.0533  1010.5
0.2880           2.0544      -4.9697       7.0241  1006.3
0.2890           2.0273      -4.9437       6.9710   998.7
0.2900           1.9851      -4.9349       6.9200   991.4
0.2910           1.8993      -4.9468       6.8461   980.8
0.2920           1.9271      -4.9818       6.9089   989.8
0.2930           1.9262      -5.0348       6.9610   997.3
0.2940           1.9646      -5.1014       7.0660  1012.3
0.2950           1.8892      -5.1773       7.0666  1012.4
0.2960           1.8838      -5.2560       7.1398  1022.9
0.2970           1.8493      -5.3311       7.1804  1028.7
0.2980           1.8417      -5.3970       7.2386  1037.0
0.2990           1.8125      -5.4511       7.2636  1040.6
0.3000           1.7791      -5.4888       7.2680  1041.2
0.3010           1.7463      -5.5114       7.2577  1039.8
0.3020           1.7137      -5.5182       7.2320  1036.1
0.3030           1.7238      -5.5115       7.2353  1036.6
0.3040           1.7001      -5.4914       7.1914  1030.3
0.3050           1.7043      -5.4585       7.1628  1026.2
0.3060           1.7015      -5.4146       7.1161  1019.5
0.3070           1.6994      -5.3609       7.0603  1011.5
0.3080           1.6825      -5.2967       6.9792   999.9
0.3090           1.7266      -5.2225       6.9491   995.6
0.3100           1.7237      -5.1393       6.8629   983.2
0.3110           1.7630      -5.0484       6.8114   975.8
0.3120           1.7442      -4.9506       6.6948   959.1
0.3130           1.7317      -4.8484       6.5801   942.7
0.3140           1.7364      -4.7460       6.4825   928.7
0.3150           1.7251      -4.6453       6.3704   912.7
0.3160           1.6826      -4.5535       6.2361   893.4
0.3170           1.6853      -4.4787       6.1640   883.1
0.3180           1.6824      -4.4233       6.1057   874.7
0.3190           1.6699      -4.3932       6.0632   868.6
0.3200           1.6415      -4.3911       6.0325   864.3
0.3210           1.6290      -4.4191       6.0481   866.5
0.3220           1.6124      -4.4763       6.0887   872.3
0.3230           1.5929      -4.5589       6.1518   881.3
0.3240           1.5953      -4.6587       6.2540   896.0
0.3250           1.5489      -4.7661       6.3149   904.7
0.3260           1.5460      -4.8738       6.4198   919.7
0.3270           1.5362      -4.9720       6.5082   932.4
0.3280           1.5452      -5.0560       6.6012   945.7
0.3290           1.5778      -5.1210       6.6988   959.7
0.3300           1.5815      -5.1655       6.7470   966.6
0.3310           1.5615      -5.1899       6.7514   967.2
0.3320           1.5520      -5.1974       6.7494   967.0
0.3330           1.5287      -5.1935       6.7222   963.1
0.3340           1.5592      -5.1842       6.7434   966.1
0.3350           1.4988      -5.1762       6.6750   956.3
0.3360           1.4732      -5.1756       6.6488   952.5
0.3370           1.4986      -5.1849       6.6834   957.5
0.3380           1.5246      -5.2034       6.7281   963.9
0.3390           1.5427      -5.2320       6.7747   970.6
0.3400           1.5992      -5.2672       6.8664   983.7
0.3410           1.5861      -5.3088       6.8948   987.8
0.3420           1.6134      -5.3510       6.9644   997.8
0.3430           1.5741      -5.3896       6.9638   997.7
0.3440           1.5562      -5.4232       6.9794   999.9
0.3450           1.5678      -5.4483       7.0160  1005.2
0.3460           1.5481      -5.4601       7.0082  1004.0
0.3470           1.5448      -5.4563       7.0011  1003.0
0.3480           1.5177      -5.4342       6.9520   996.0
0.3490           1.5345      -5.3945       6.9290   992.7
0.3500           1.5177      -5.3385       6.8562   982.3
0.3510           1.5551      -5.2677       6.8228   977.5
0.3520           1.5431      -5.1861       6.7292   964.1
0.3530           1.5294      -5.1001       6.6295   949.8
0.3540           1.5145      -5.0133       6.5278   935.2
0.3550           1.5047      -4.9311       6.4358   922.0
0.3560           1.4800      -4.8583       6.3384   908.1
0.3570           1.4929      -4.7981       6.2910   901.3
0.3580           1.4989      -4.7540       6.2529   895.8
0.3590           1.4966      -4.7289       6.2254   891.9
0.3600           1.4405      -4.7255       6.1660   883.4
0.3610           1.3883      -4.7431       6.1314   878.4
0.3620           1.3753      -4.7833       6.1585   882.3
0.3630           1.3713      -4.8424       6.2138   890.2
0.3640           1.3898      -4.9189       6.3088   903.8
0.3650           1.4101      -5.0093       6.4195   919.7
0.3660           1.4217      -5.1091       6.5308   935.6
0.3670           1.4235      -5.2115       6.6350   950.6
0.3680           1.3951      -5.3064       6.7015   960.1
0.3690           1.4049      -5.3905       6.7955   973.6
0.3700           1.4472      -5.4603       6.9075   989.6
0.3710           1.4156      -5.5148       6.9304   992.9
0.3720           1.4218      -5.5546       6.9764   999.5
0.3730           1.3965      -5.5810       6.9775   999.6
0.3740           1.3962      -5.5956       6.9918  1001.7
0.3750           1.3886      -5.6004       6.9889  1001.3
0.3760           1.3880      -5.5996       6.9876  1001.1
0.3770           1.3417      -5.5929       6.9346   993.5
0.3780           1.3489      -5.5842       6.9332   993.3
0.3790           1.3401      -5.5750       6.9150   990.7
0.3800           1.3053      -5.5640       6.8693   984.1
0.3810           1.3055      -5.5552       6.8607   982.9
0.3820           1.2437      -5.5496       6.7932   973.2
0.3830           1.2223      -5.5467       6.7690   969.8
0.3840           1.2102      -5.5486       6.7588   968.3
0.3850           1.1788      -5.5539       6.7327   964.6
0.3860           1.1469      -5.5621       6.7090   961.2
0.3870           1.1135      -5.5716       6.6851   957.8
0.3880           1.1455      -5.5786       6.7241   963.3
0.3890           1.0867      -5.5819       6.6686   955.4
0.3900           1.0665      -5.5821       6.6486   952.5
0.3910           1.0838      -5.5769       6.6608   954.3
0.3920           1.0269      -5.5650       6.5919   944.4
0.3930           1.0334      -5.5451       6.5785   942.5
0.3940           0.9998      -5.5181       6.5179   933.8
0.3950           0.9793      -5.4860       6.4654   926.3
0.3960           0.9981      -5.4513       6.4494   924.0
0.3970           0.9813      -5.4175       6.3988   916.7
0.3980           0.9511      -5.3887       6.3398   908.3
0.3990           0.9550      -5.3677       6.3228   905.8
0.4000           0.9573      -5.3582       6.3154   904.8
0.4010           0.9892      -5.3623       6.3516   910.0
0.4020           0.9856      -5.3817       6.3674   912.2
0.4030           0.9809      -5.4175       6.3984   916.7
0.4040           0.9421      -5.4660       6.4081   918.1
0.4050           0.8975      -5.5235       6.4210   919.9
0.4060           0.8636      -5.5835       6.4471   923.6
0.4070           0.8165      -5.6433       6.4598   925.5
0.4080           0.8148      -5.6979       6.5127   933.0
0.4090           0.7955      -5.7413       6.5368   936.5
0.4100           0.8220      -5.7698       6.5918   944.4
0.4110           0.7915      -5.7821       6.5736   941.8
0.4120           0.7835      -5.7790       6.5624   940.2
0.4130           0.7239      -5.7601       6.4840   928.9
0.4140           0.6869      -5.7299       6.4168   919.3
0.4150           0.6242      -5.6926       6.3169   905.0
0.4160           0.5848      -5.6510       6.2358   893.4
0.4170           0.5749      -5.6107       6.1856   886.2
0.4180           0.5927      -5.5755       6.1682   883.7
0.4190           0.6135      -5.5477       6.1612   882.7
0.4200           0.6283      -5.5311       6.1594   882.4
0.4210           0.6237      -5.5286       6.1522   881.4
0.4220           0.6462      -5.5399       6.1860   886.2
0.4230           0.6121      -5.5623       6.1743   884.6
0.4240           0.6381      -5.5938       6.2320   892.8
0.4250           0.6039      -5.6296       6.2335   893.1
0.4260           0.6044      -5.6628       6.2672   897.9
0.4270           0.6009      -5.6910       6.2919   901.4
0.4280           0.6295      -5.7144       6.3439   908.9
0.4290           0.6365      -5.7335       6.3700   912.6
0.4300           0.6084      -5.7485       6.3569   910.7
0.4310           0.6713      -5.7602       6.4315   921.4
0.4320           0.6832      -5.7677       6.4510   924.2
0.4330           0.6564      -5.7685       6.4249   920.5
0.4340           0.6795      -5.7640       6.4435   923.1
0.4350           0.6970      -5.7505       6.4474   923.7
0.4360           0.6632      -5.7270       6.3902   915.5
0.4370           0.6399      -5.6945       6.3344   907.5
0.4380           0.6377      -5.6502       6.2879   900.8
0.4390           0.6122      -5.5958       6.2080   889.4
0.4400           0.5724      -5.5327       6.1051   874.7
0.4410           0.5547      -5.4636       6.0183   862.2
0.4420           0.5589      -5.3914       5.9503   852.5
0.4430           0.5423      -5.3198       5.8621   839.8
0.4440           0.5412      -5.2558       5.7969   830.5
0.4450           0.5515      -5.2038       5.7553   824.5
0.4460           0.5988      -5.1657       5.7645   825.9
0.4470           0.5499      -5.1433       5.6932   815.6
0.4480           0.5871      -5.1364       5.7235   820.0
0.4490           0.5662      -5.1436       5.7099   818.0
0.4500           0.5976      -5.1619       5.7596   825.1
0.4510           0.6001      -5.1895       5.7896   829.5
0.4520           0.5975      -5.2240       5.8215   834.0
0.4530           0.5868      -5.2624       5.8492   838.0
0.4540           0.6491      -5.3041       5.9532   852.9
0.4550           0.5874      -5.3482       5.9356   850.4
0.4560           0.6333      -5.3940       6.0273   863.5
0.4570           0.6790      -5.4415       6.1205   876.9
0.4580           0.7111      -5.4927       6.2039   888.8
0.4590           0.6785      -5.5475       6.2260   892.0
0.4600           0.6612      -5.6050       6.2662   897.7
0.4610           0.6659      -5.6671       6.3330   907.3
0.4620           0.6612      -5.7342       6.3954   916.2
0.4630           0.6316      -5.8058       6.4374   922.3
0.4640           0.6186      -5.8793       6.4979   930.9
0.4650           0.6246      -5.9553       6.5799   942.7
0.4660           0.6469      -6.0320       6.6789   956.9
0.4670           0.5900      -6.1075       6.6975   959.5
0.4680           0.5966      -6.1791       6.7757   970.7
0.4690           0.5679      -6.2460       6.8138   976.2
0.4700           0.5428      -6.3060       6.8489   981.2
0.4710           0.5495      -6.3569       6.9063   989.4
0.4720           0.5302      -6.3958       6.9259   992.3
0.4730           0.5146      -6.4228       6.9374   993.9
0.4740           0.4832      -6.4342       6.9174   991.0
0.4750           0.5127      -6.4281       6.9408   994.4
0.4760           0.4730      -6.4047       6.8777   985.3
0.4770           0.4454      -6.3636       6.8090   975.5
0.4780           0.4205      -6.3029       6.7234   963.2
0.4790           0.3945      -6.2234       6.6179   948.1
0.4800           0.4266      -6.1285       6.5551   939.1
0.4810           0.3800      -6.0218       6.4019   917.2
0.4820           0.3704      -5.9099       6.2802   899.7
0.4830           0.3534      -5.7988       6.1522   881.4
0.4840           0.3731      -5.6967       6.0699   869.6
0.4850           0.3629      -5.6109       5.9738   855.8
0.4860           0.3654      -5.5454       5.9107   846.8
0.4870           0.3783      -5.5011       5.8793   842.3
0.4880           0.4386      -5.4774       5.9160   847.6
0.4890           0.4388      -5.4750       5.9138   847.2
0.4900           0.4180      -5.4919       5.9098   846.7
0.4910           0.3875      -5.5197       5.9071   846.3
0.4920           0.4209      -5.5508       5.9717   855.5
0.4930           0.4106      -5.5793       5.9898   858.1
0.4940           0.4134      -5.5964       6.0098   861.0
0.4950           0.4343      -5.5938       6.0282   863.6
0.4960           0.4185      -5.5660       5.9845   857.4
0.4970           0.4339      -5.5129       5.9468   852.0
0.4980           0.4052      -5.4398       5.8450   837.4
0.4990           0.4331      -5.3522       5.7854   828.8
0.5000           0.4127      -5.2582       5.6709   812.4
0.5010           0.3910      -5.1660       5.5570   796.1
0.5020           0.3681      -5.0885       5.4566   781.7
0.5030           0.3294      -5.0301       5.3595   767.8
0.5040           0.2495      -4.9967       5.2461   751.6
0.5050           0.2196      -4.9917       5.2113   746.6
0.5060           0.1848      -5.0151       5.1999   745.0
0.5070           0.1703      -5.0652       5.2355   750.1
0.5080           0.1604      -5.1392       5.2996   759.3
0.5090           0.1639      -5.2329       5.3969   773.2
0.5100           0.1555      -5.3403       5.4958   787.4
0.5110           0.1702      -5.4567       5.6270   806.2
0.5120           0.1277      -5.5693       5.6970   816.2
0.5130           0.1141      -5.6732       5.7874   829.1
0.5140           0.1600      -5.7633       5.9233   848.6
0.5150           0.1800      -5.8326       6.0126   861.4
0.5160           0.1674      -5.8794       6.0468   866.3
0.5170           0.1497      -5.9008       6.0505   866.8
0.5180           0.1394      -5.9009       6.0403   865.4
0.5190           0.1303      -5.8834       6.0137   861.6
0.5200           0.1140      -5.8515       5.9655   854.6
0.5210           0.1089      -5.8097       5.9187   847.9
0.5220           0.0795      -5.7650       5.8445   837.3
0.5230           0.0741      -5.7228       5.7969   830.5
0.5240           0.0627      -5.6855       5.7482   823.5
0.5250           0.0314      -5.6580       5.6894   815.1
0.5260           0.0282      -5.6448       5.6731   812.8
0.5270           0.0381      -5.6480       5.6861   814.6
0.5280           0.0135      -5.6701       5.6836   814.3
0.5290           0.0463      -5.7083       5.7546   824.4
0.5300           0.0717      -5.7577       5.8294   835.2
0.5310           0.0789      -5.8141       5.8929   844.3
0.5320           0.0696      -5.8769       5.9465   851.9
0.5330           0.0529      -5.9364       5.9893   858.1
0.5340           0.0471      -5.9892       6.0363   864.8
0.5350           0.0387      -6.0338       6.0725   870.0
0.5360           0.0371      -6.0663       6.1034   874.4
0.5370           0.0289      -6.0840       6.1129   875.8
0.5380           0.0806      -6.0873       6.1679   883.7
0.5390           0.0572      -6.0753       6.1324   878.6
0.5400           0.0809      -6.0474       6.1283   878.0
0.5410           0.0548      -6.0034       6.0583   867.9
0.5420           0.0629      -5.9464       6.0093   860.9
0.5430           0.0342      -5.8776       5.9118   847.0
0.5440           0.0724      -5.7996       5.8720   841.3
0.5450           0.0440      -5.7142       5.7582   825.0
0.5460           0.0288      -5.6250       5.6538   810.0
0.5470           0.0311      -5.5357       5.5668   797.5
0.5480           0.0347      -5.4562       5.4909   786.7
0.5490          -0.0033      -5.3901       5.3868   771.7
0.5500          -0.0329      -5.3417       5.3088   760.6
0.5510          -0.0283      -5.3144       5.2860   757.3
0.5520          -0.0104      -5.3105       5.3001   759.3
0.5530           0.0104      -5.3299       5.3403   765.1
0.5540           0.0002      -5.3707       5.3710   769.5
0.5550          -0.0121      -5.4297       5.4176   776.2
0.5560          -0.0599      -5.5011       5.4412   779.5
0.5570          -0.0584      -5.5798       5.5214   791.0
0.5580          -0.0762      -5.6633       5.5871   800.4
0.5590          -0.0985      -5.7485       5.6500   809.5
0.5600          -0.1132      -5.8289       5.7158   818.9
0.5610          -0.0870      -5.9007       5.8137   832.9
0.5620          -0.0901      -5.9635       5.8734   841.5
0.5630          -0.0828      -6.0128       5.9300   849.6
0.5640          -0.1244      -6.0484       5.9240   848.7
0.5650          -0.1021      -6.0683       5.9662   854.8
0.5660          -0.0870      -6.0726       5.9856   857.5
0.5670          -0.0546      -6.0616       6.0070   860.6
0.5680          -0.0396      -6.0395       5.9999   859.6
0.5690          -0.0089      -6.0104       6.0015   859.8
0.5700           0.0001      -5.9800       5.9801   856.7
0.5710          -0.0083      -5.9542       5.9459   851.8
0.5720          -0.0177      -5.9378       5.9201   848.1
0.5730          -0.0385      -5.9347       5.8962   844.7
0.5740          -0.0570      -5.9468       5.8898   843.8
0.5750          -0.0989      -5.9727       5.8738   841.5
0.5760          -0.1026      -6.0093       5.9067   846.2
0.5770          -0.1224      -6.0499       5.9275   849.2
0.5780          -0.1127      -6.0915       5.9788   856.6
0.5790          -0.1411      -6.1294       5.9883   857.9
0.5800          -0.1440      -6.1563       6.0123   861.4
0.5810          -0.1916      -6.1712       5.9796   856.7
0.5820          -0.1933      -6.1715       5.9782   856.5
0.5830          -0.1687      -6.1559       5.9871   857.8
0.5840          -0.1859      -6.1243       5.9384   850.8
0.5850          -0.1579      -6.0765       5.9186   847.9
0.5860          -0.1388      -6.0152       5.8763   841.9
0.5870          -0.1408      -5.9401       5.7993   830.8
0.5880          -0.1981      -5.8577       5.6595   810.8
0.5890          -0.2268      -5.7730       5.5462   794.6
0.5900          -0.2478      -5.6889       5.4410   779.5
0.5910          -0.2529      -5.6111       5.3582   767.6
0.5920          -0.2548      -5.5423       5.2875   757.5
0.5930          -0.2489      -5.4857       5.2368   750.3
0.5940          -0.3107      -5.4420       5.1313   735.1
0.5950          -0.2899      -5.4105       5.1206   733.6
0.5960          -0.2716      -5.3928       5.1212   733.7
0.5970          -0.2471      -5.3860       5.1389   736.2
0.5980          -0.2658      -5.3894       5.1236   734.0
0.5990          -0.2856      -5.4006       5.1150   732.8
0.6000          -0.2998      -5.4182       5.1184   733.3
0.6010          -0.3186      -5.4390       5.1205   733.6
0.6020          -0.3116      -5.4655       5.1539   738.4
0.6030          -0.3276      -5.4966       5.1690   740.5
0.6040          -0.3434      -5.5303       5.1869   743.1
0.6050          -0.3747      -5.5665       5.1918   743.8
0.6060          -0.3719      -5.6030       5.2311   749.4
0.6070          -0.3776      -5.6395       5.2619   753.8
0.6080          -0.3818      -5.6730       5.2912   758.0
0.6090          -0.4129      -5.7060       5.2931   758.3
0.6100          -0.3809      -5.7373       5.3564   767.4
0.6110          -0.4188      -5.7654       5.3465   766.0
0.6120          -0.3852      -5.7896       5.4044   774.3
0.6130          -0.4098      -5.8095       5.3997   773.6
0.6140          -0.4482      -5.8248       5.3766   770.3
0.6150          -0.4420      -5.8335       5.3915   772.4
0.6160          -0.4179      -5.8337       5.4158   775.9
0.6170          -0.4193      -5.8263       5.4070   774.6
0.6180          -0.4034      -5.8136       5.4102   775.1
0.6190          -0.4739      -5.7972       5.3233   762.6
0.6200          -0.4954      -5.7807       5.2853   757.2
0.6210          -0.4924      -5.7676       5.2752   755.8
0.6220          -0.5323      -5.7599       5.2276   748.9
0.6230          -0.5576      -5.7625       5.2049   745.7
0.6240          -0.5467      -5.7780       5.2313   749.5
0.6250          -0.5728      -5.8028       5.2300   749.3
0.6260          -0.6023      -5.8384       5.2361   750.2
0.6270          -0.6123      -5.8842       5.2719   755.3
0.6280          -0.6238      -5.9358       5.3120   761.0
0.6290          -0.5979      -5.9894       5.3914   772.4
0.6300          -0.6205      -6.0403       5.4198   776.5
0.6310          -0.6301      -6.0840       5.4539   781.4
0.6320          -0.6533      -6.1190       5.4657   783.0
0.6330          -0.6309      -6.1415       5.5106   789.5
0.6340          -0.6542      -6.1496       5.4954   787.3
0.6350          -0.6454      -6.1438       5.4984   787.7
0.6360          -0.6309      -6.1267       5.4958   787.4
0.6370          -0.6035      -6.0994       5.4959   787.4
0.6380          -0.6177      -6.0655       5.4478   780.5
0.6390          -0.6400      -6.0287       5.3887   772.0
0.6400          -0.6477      -5.9949       5.3472   766.1
0.6410          -0.6773      -5.9645       5.2872   757.5
0.6420          -0.7034      -5.9416       5.2382   750.5
0.6430          -0.6893      -5.9290       5.2397   750.7
0.6440          -0.6906      -5.9262       5.2356   750.1
0.6450          -0.7102      -5.9318       5.2216   748.1
0.6460          -0.7410      -5.9433       5.2023   745.3
0.6470          -0.7017      -5.9600       5.2583   753.3
0.6480          -0.7141      -5.9740       5.2598   753.6
0.6490          -0.7070      -5.9814       5.2744   755.6
0.6500          -0.7090      -5.9805       5.2715   755.2
0.6510          -0.6841      -5.9736       5.2895   757.8
0.6520          -0.6793      -5.9632       5.2838   757.0
0.6530          -0.6533      -5.9524       5.2991   759.2
0.6540          -0.6297      -5.9435       5.3139   761.3
0.6550          -0.6807      -5.9387       5.2580   753.3
0.6560          -0.6850      -5.9381       5.2531   752.6
0.6570          -0.6564      -5.9408       5.2844   757.1
0.6580          -0.6407      -5.9445       5.3038   759.9
0.6590          -0.6598      -5.9500       5.2902   757.9
0.6600          -0.6883      -5.9548       5.2665   754.5
0.6610          -0.6677      -5.9614       5.2937   758.4
0.6620          -0.6750      -5.9715       5.2966   758.8
0.6630          -0.7035      -5.9883       5.2848   757.1
0.6640          -0.7300      -6.0130       5.2829   756.9
0.6650          -0.7180      -6.0471       5.3291   763.5
0.6660          -0.6870      -6.0960       5.4089   774.9
0.6670          -0.6815      -6.1593       5.4778   784.8
0.6680          -0.7021      -6.2373       5.5352   793.0
0.6690          -0.7196      -6.3274       5.6078   803.4
0.6700          -0.7118      -6.4289       5.7170   819.1
0.6710          -0.7345      -6.5377       5.8032   831.4
0.6720          -0.7347      -6.6460       5.9113   846.9
0.6730          -0.7606      -6.7501       5.9895   858.1
0.6740          -0.7661      -6.8424       6.0763   870.5
0.6750          -0.7959      -6.9160       6.1202   876.8
0.6760          -0.7919      -6.9663       6.1744   884.6
0.6770          -0.7703      -6.9914       6.2212   891.3
0.6780          -0.7462      -6.9912       6.2450   894.7
0.6790          -0.7412      -6.9670       6.2258   891.9
0.6800          -0.7483      -6.9214       6.1732   884.4
0.6810          -0.7823      -6.8597       6.0775   870.7
0.6820          -0.8029      -6.7863       5.9834   857.2
Time[ps]      Etot[eV]     Epot[eV]     Ekin[eV]    T[K]
0.0000           5.4819       5.4819       0.0000     0.0
0.0010           5.4853       5.4819       0.0034     0.5
0.0020           5.4892       5.4819       0.0073     1.0
0.0030           5.4941       5.4819       0.0123     1.8
0.0040           5.4983       5.4818       0.0165     2.4
0.0050           5.5020       5.4816       0.0204     2.9
0.0060           5.5054       5.4812       0.0241     3.5
0.0070           5.5110       5.4808       0.0303     4.3
0.0080           5.5160       5.4801       0.0359     5.1
0.0090           5.5204       5.4790       0.0414     5.9
0.0100           5.5234       5.4776       0.0458     6.6
0.0110           5.5310       5.4757       0.0553     7.9
0.0120           5.5350       5.4733       0.0618     8.9
0.0130           5.5335       5.4700       0.0635     9.1
0.0140           5.5384       5.4658       0.0725    10.4
0.0150           5.5437       5.4604       0.0833    11.9
0.0160           5.5481       5.4534       0.0947    13.6
0.0170           5.5533       5.4440       0.1092    15.7
0.0180           5.5515       5.4322       0.1193    17.1
0.0190           5.5573       5.4171       0.1402    20.1
0.0200           5.5587       5.3982       0.1605    23.0
0.0210           5.5631       5.3740       0.1890    27.1
0.0220           5.5565       5.3443       0.2122    30.4
0.0230           5.5599       5.3080       0.2519    36.1
0.0240           5.5587       5.2626       0.2961    42.4
0.0250           5.5713       5.2064       0.3648    52.3
0.0260           5.5746       5.1365       0.4381    62.8
0.0270           5.5779       5.0500       0.5279    75.6
0.0280           5.5673       4.9447       0.6227    89.2
0.0290           5.5595       4.8168       0.7428   106.4
0.0300           5.5619       4.6623       0.8997   128.9
0.0310           5.5798       4.4767       1.1031   158.0
0.0320           5.5813       4.2543       1.3269   190.1
0.0330           5.5785       3.9926       1.5859   227.2
0.0340           5.5657       3.6881       1.8776   269.0
0.0350           5.5767       3.3379       2.2388   320.7
0.0360           5.5778       2.9390       2.6388   378.1
0.0370           5.5837       2.4919       3.0918   442.9
0.0380           5.5569       1.9983       3.5586   509.8
0.0390           5.5761       1.4637       4.1123   589.2
0.0400           5.5477       0.8975       4.6502   666.2
0.0410           5.5151       0.3109       5.2042   745.6
0.0420           5.5000      -0.2826       5.7825   828.4
0.0430           5.4996      -0.8664       6.3659   912.0
0.0440           5.5042      -1.4257       6.9299   992.8
0.0450           5.5028      -1.9439       7.4466  1066.8
0.0460           5.5241      -2.4065       7.9306  1136.2
0.0470           5.4761      -2.8039       8.2800  1186.2
0.0480           5.4194      -3.1282       8.5476  1224.6
0.0490           5.3749      -3.3809       8.7558  1254.4
0.0500           5.2995      -3.5673       8.8668  1270.3
0.0510           5.2651      -3.6963       8.9614  1283.9
0.0520           5.2093      -3.7809       8.9902  1288.0
0.0530           5.1167      -3.8366       8.9532  1282.7
0.0540           5.1184      -3.8815       9.0000  1289.4
0.0550           5.1194      -3.9290       9.0484  1296.3
0.0560           5.1233      -3.9902       9.1135  1305.6
0.0570           5.0935      -4.0751       9.1686  1313.5
0.0580           5.1193      -4.1854       9.3047  1333.0
0.0590           5.0908      -4.3168       9.4076  1347.8
0.0600           5.0634      -4.4620       9.5254  1364.7
0.0610           5.0751      -4.6082       9.6833  1387.3
0.0620           5.1231      -4.7433       9.8664  1413.5
0.0630           5.1165      -4.8522       9.9686  1428.2
0.0640           5.0955      -4.9239      10.0194  1435.4
0.0650           5.0727      -4.9512      10.0239  1436.1
0.0660           5.0074      -4.9283       9.9357  1423.4
0.0670           5.0316      -4.8499       9.8815  1415.7
0.0680           5.0177      -4.7123       9.7301  1394.0
0.0690           4.9482      -4.5212       9.4694  1356.6
0.0700           4.9375      -4.2826       9.2201  1320.9
0.0710           4.9428      -4.0068       8.9496  1282.2
0.0720           4.9333      -3.7062       8.6395  1237.7
0.0730           4.9225      -3.3995       8.3220  1192.3
0.0740           4.9000      -3.1086       8.0086  1147.4
0.0750           4.9237      -2.8485       7.7722  1113.5
0.0760           4.9165      -2.6311       7.5476  1081.3
0.0770           4.9218      -2.4629       7.3847  1058.0
0.0780           4.9138      -2.3425       7.2563  1039.6
0.0790           4.8756      -2.2733       7.1489  1024.2
0.0800           4.8456      -2.2539       7.0995  1017.1
0.0810           4.8171      -2.2739       7.0910  1015.9
0.0820           4.8197      -2.3245       7.1442  1023.5
0.0830           4.8017      -2.3975       7.1992  1031.4
0.0840           4.7532      -2.4830       7.2362  1036.7
0.0850           4.7733      -2.5763       7.3496  1052.9
0.0860           4.7559      -2.6729       7.4288  1064.3
0.0870           4.7709      -2.7671       7.5380  1079.9
0.0880           4.7377      -2.8520       7.5897  1087.3
0.0890           4.6780      -2.9268       7.6048  1089.5
0.0900           4.6743      -2.9914       7.6658  1098.2
0.0910           4.6466      -3.0498       7.6964  1102.6
0.0920           4.5871      -3.1009       7.6881  1101.4
0.0930           4.5863      -3.1551       7.7414  1109.1
0.0940           4.5299      -3.2172       7.7471  1109.9
0.0950           4.5126      -3.2923       7.8049  1118.2
0.0960           4.5337      -3.3900       7.9238  1135.2
0.0970           4.5750      -3.5122       8.0872  1158.6
0.0980           4.5400      -3.6611       8.2011  1174.9
0.0990           4.5168      -3.8390       8.3559  1197.1
0.1000           4.4930      -4.0436       8.5365  1223.0
0.1010           4.4940      -4.2673       8.7613  1255.2
0.1020           4.5451      -4.4994       9.0444  1295.8
0.1030           4.4957      -4.7285       9.2242  1321.5
0.1040           4.4309      -4.9406       9.3714  1342.6
0.1050           4.4277      -5.1260       9.5537  1368.7
0.1060           4.4595      -5.2794       9.7389  1395.3
0.1070           4.4568      -5.3966       9.8535  1411.7
0.1080           4.4248      -5.4757       9.9005  1418.4
0.1090           4.3433      -5.5199       9.8632  1413.1
0.1100           4.3597      -5.5350       9.8946  1417.6
0.1110           4.3887      -5.5302       9.9189  1421.0
0.1120           4.3860      -5.5158       9.9019  1418.6
0.1130           4.3796      -5.4995       9.8791  1415.3
0.1140           4.3510      -5.4771       9.8281  1408.0
0.1150           4.3155      -5.4480       9.7635  1398.8
0.1160           4.2860      -5.4076       9.6936  1388.8
0.1170           4.1749      -5.3466       9.5215  1364.1
0.1180           4.1576      -5.2563       9.4138  1348.7
0.1190           4.1436      -5.1339       9.2775  1329.1
0.1200           4.0874      -4.9843       9.0717  1299.7
0.1210           4.0857      -4.8142       8.8999  1275.0
0.1220           4.1222      -4.6329       8.7551  1254.3
0.1230           4.1336      -4.4481       8.5817  1229.5
0.1240           4.1169      -4.2666       8.3835  1201.1
0.1250           4.0558      -4.0944       8.1501  1167.6
0.1260           4.0376      -3.9342       7.9718  1142.1
0.1270           4.0125      -3.7857       7.7981  1117.2
0.1280           3.9993      -3.6485       7.6477  1095.7
0.1290           3.9822      -3.5193       7.5015  1074.7
0.1300           3.9808      -3.3989       7.3797  1057.3
0.1310           3.9796      -3.2927       7.2723  1041.9
0.1320           3.9731      -3.2094       7.1825  1029.0
0.1330           3.9467      -3.1609       7.1075  1018.3
0.1340           3.9640      -3.1558       7.1198  1020.0
0.1350           3.9044      -3.2009       7.1053  1018.0
0.1360           3.8923      -3.2995       7.1918  1030.3
0.1370           3.9016      -3.4519       7.3534  1053.5
0.1380           3.8729      -3.6556       7.5285  1078.6
0.1390           3.8387      -3.9041       7.7427  1109.3
0.1400           3.8404      -4.1904       8.0308  1150.5
0.1410           3.8737      -4.5034       8.3772  1200.2
0.1420           3.8942      -4.8269       8.7212  1249.4
0.1430           3.8878      -5.1479       9.0358  1294.5
Time[ps]      Etot[eV]     Epot[eV]     Ekin[eV]    T[K]
0.0000           5.4819       5.4819       0.0000     0.0
0.0010           5.4863       5.4819       0.0044     0.6
0.0020           5.4913       5.4819       0.0095     1.4
0.0030           5.4946       5.4818       0.0128     1.8
0.0040           5.4970       5.4816       0.0154     2.2
0.0050           5.5010       5.4812       0.0199     2.8
0.0060           5.5071       5.4806       0.0265     3.8
0.0070           5.5104       5.4797       0.0307     4.4
0.0080           5.5112       5.4785       0.0327     4.7
0.0090           5.5180       5.4770       0.0410     5.9
0.0100           5.5211       5.4749       0.0462     6.6
0.0110           5.5262       5.4721       0.0541     7.8
0.0120           5.5287       5.4684       0.0603     8.6
0.0130           5.5283       5.4638       0.0645     9.2
0.0140           5.5296       5.4583       0.0714    10.2
0.0150           5.5344       5.4512       0.0833    11.9
0.0160           5.5364       5.4418       0.0946    13.6
0.0170           5.5386       5.4302       0.1084    15.5
0.0180           5.5388       5.4157       0.1231    17.6
0.0190           5.5375       5.3975       0.1400    20.1
0.0200           5.5411       5.3750       0.1661    23.8
0.0210           5.5466       5.3456       0.2010    28.8
0.0220           5.5473       5.3082       0.2391    34.2
0.0230           5.5579       5.2609       0.2970    42.5
0.0240           5.5681       5.2005       0.3676    52.7
0.0250           5.5725       5.1235       0.4491    64.3
0.0260           5.5789       5.0256       0.5533    79.3
0.0270           5.5836       4.9028       0.6808    97.5
0.0280           5.5716       4.7497       0.8219   117.7
0.0290           5.5758       4.5617       1.0142   145.3
0.0300           5.5795       4.3304       1.2491   179.0
0.0310           5.6071       4.0488       1.5582   223.2
0.0320           5.6139       3.7095       1.9044   272.8
0.0330           5.6063       3.3084       2.2979   329.2
0.0340           5.6032       2.8426       2.7606   395.5
0.0350           5.6178       2.3085       3.3094   474.1
0.0360           5.6345       1.7068       3.9277   562.7
0.0370           5.6412       1.0402       4.6009   659.2
0.0380           5.6151       0.3219       5.2931   758.3
0.0390           5.6380      -0.4391       6.0771   870.6
0.0400           5.6346      -1.2300       6.8646   983.5
0.0410           5.6355      -2.0302       7.6657  1098.2
0.0420           5.6757      -2.8228       8.4985  1217.5
0.0430           5.7001      -3.5861       9.2862  1330.4
0.0440           5.7088      -4.2994      10.0082  1433.8
0.0450           5.7131      -4.9421      10.6552  1526.5
0.0460           5.6813      -5.4981      11.1794  1601.6
0.0470           5.6878      -5.9559      11.6438  1668.2
0.0480           5.6833      -6.3108      11.9942  1718.4
0.0490           5.6012      -6.5648      12.1660  1743.0
0.0500           5.6031      -6.7290      12.3320  1766.8
0.0510           5.5651      -6.8179      12.3830  1774.1
0.0520           5.4379      -6.8463      12.2842  1759.9
0.0530           5.4642      -6.8328      12.2971  1761.7
0.0540           5.3657      -6.7949      12.1606  1742.2
0.0550           5.3345      -6.7462      12.0807  1730.8
0.0560           5.3391      -6.6939      12.0330  1723.9
0.0570           5.2642      -6.6403      11.9045  1705.5
0.0580           5.2407      -6.5859      11.8266  1694.3
0.0590           5.1266      -6.5285      11.6550  1669.8
0.0600           5.2169      -6.4628      11.6797  1673.3
0.0610           5.2391      -6.3802      11.6193  1664.6
0.0620           5.1532      -6.2751      11.4284  1637.3
0.0630           5.0918      -6.1437      11.2355  1609.7
0.0640           5.0415      -5.9829      11.0244  1579.4
0.0650           5.0218      -5.7878      10.8096  1548.7
0.0660           4.9813      -5.5594      10.5408  1510.1
0.0670           4.9473      -5.2997      10.2470  1468.0
0.0680           4.8098      -5.0096       9.8195  1406.8
0.0690           4.7816      -4.6942       9.4759  1357.6
0.0700           4.7688      -4.3608       9.1296  1308.0
0.0710           4.7560      -4.0152       8.7712  1256.6
0.0720           4.7417      -3.6684       8.4101  1204.9
0.0730           4.7082      -3.3328       8.0409  1152.0
0.0740           4.6647      -3.0241       7.6888  1101.5
0.0750           4.6574      -2.7584       7.4158  1062.4
0.0760           4.5942      -2.5518       7.1460  1023.8
0.0770           4.6088      -2.4203       7.0291  1007.0
0.0780           4.6139      -2.3716       6.9855  1000.8
0.0790           4.7056      -2.4119       7.1175  1019.7
0.0800           4.7423      -2.5440       7.2863  1043.9
0.0810           4.7276      -2.7625       7.4901  1073.1
0.0820           4.7164      -3.0517       7.7680  1112.9
0.0830           4.6988      -3.3911       8.0899  1159.0
0.0840           4.6080      -3.7553       8.3633  1198.2
0.0850           4.5880      -4.1209       8.7090  1247.7
0.0860           4.5487      -4.4646       9.0132  1291.3
0.0870           4.4966      -4.7696       9.2662  1327.5
0.0880           4.4922      -5.0229       9.5151  1363.2
0.0890           4.5209      -5.2183       9.7392  1395.3
0.0900           4.4847      -5.3544       9.8391  1409.6
0.0910           4.4586      -5.4356       9.8942  1417.5
0.0920           4.3786      -5.4663       9.8450  1410.4
0.0930           4.2871      -5.4517       9.7388  1395.2
0.0940           4.2875      -5.3999       9.6874  1387.9
0.0950           4.2723      -5.3165       9.5888  1373.7
0.0960           4.2205      -5.2098       9.4303  1351.0
0.0970           4.2197      -5.0831       9.3028  1332.8
0.0980           4.2583      -4.9369       9.1952  1317.4
0.0990           4.2451      -4.7734       9.0185  1292.0
0.1000           4.2171      -4.5976       8.8147  1262.8
0.1010           4.1998      -4.4125       8.6123  1233.8
0.1020           4.1941      -4.2238       8.4179  1206.0
0.1030           4.1893      -4.0334       8.2227  1178.0
0.1040           4.1850      -3.8466       8.0317  1150.7
0.1050           4.1823      -3.6677       7.8500  1124.6
0.1060           4.1771      -3.5035       7.6806  1100.4
0.1070           4.1468      -3.3608       7.5076  1075.6
0.1080           4.1826      -3.2418       7.4244  1063.7
0.1090           4.1689      -3.1466       7.3155  1048.1
0.1100           4.1685      -3.0735       7.2420  1037.5
0.1110           4.2074      -3.0247       7.2321  1036.1
0.1120           4.2197      -3.0032       7.2229  1034.8
0.1130           4.2149      -3.0053       7.2202  1034.4
0.1140           4.2070      -3.0281       7.2351  1036.5
0.1150           4.2255      -3.0702       7.2957  1045.2
0.1160           4.1889      -3.1285       7.3173  1048.3
0.1170           4.1557      -3.2021       7.3578  1054.1
0.1180           4.1132      -3.2900       7.4031  1060.6
0.1190           4.1223      -3.3898       7.5121  1076.2
0.1200           4.1095      -3.5006       7.6102  1090.3
0.1210           4.1164      -3.6231       7.7395  1108.8
0.1220           4.1361      -3.7545       7.8906  1130.5
0.1230           4.1918      -3.8867       8.0784  1157.4
0.1240           4.1753      -4.0124       8.1877  1173.0
0.1250           4.1824      -4.1236       8.3060  1190.0
0.1260           4.1470      -4.2147       8.3617  1197.9
0.1270           4.1475      -4.2797       8.4272  1207.3
0.1280           4.1189      -4.3205       8.4394  1209.1
0.1290           4.1011      -4.3433       8.4444  1209.8
0.1300           4.0861      -4.3527       8.4388  1209.0
0.1310           4.0847      -4.3561       8.4408  1209.3
0.1320           4.0518      -4.3620       8.4139  1205.4
0.1330           4.0167      -4.3729       8.3896  1201.9
0.1340           3.9723      -4.3877       8.3600  1197.7
0.1350           3.9335      -4.4022       8.3357  1194.2
0.1360           3.8569      -4.4142       8.2711  1185.0
0.1370           3.8201      -4.4208       8.2408  1180.6
0.1380           3.8053      -4.4200       8.2253  1178.4
0.1390           3.8013      -4.4178       8.2191  1177.5
0.1400           3.8021      -4.4218       8.2239  1178.2
0.1410           3.7787      -4.4399       8.2186  1177.4
0.1420           3.8070      -4.4744       8.2814  1186.4
0.1430           3.7509      -4.5304       8.2813  1186.4
0.1440           3.7242      -4.6018       8.3260  1192.8
0.1450           3.7280      -4.6854       8.4134  1205.3
0.1460           3.7188      -4.7780       8.4968  1217.3
0.1470           3.7142      -4.8679       8.5821  1229.5
0.1480           3.7744      -4.9438       8.7182  1249.0
0.1490           3.7528      -4.9980       8.7508  1253.7
0.1500           3.7837      -5.0195       8.8032  1261.2
0.1510           3.7838      -5.0037       8.7875  1258.9
0.1520           3.7534      -4.9510       8.7043  1247.0
0.1530           3.7284      -4.8673       8.5957  1231.5
0.1540           3.7289      -4.7603       8.4892  1216.2
0.1550           3.7346      -4.6398       8.3744  1199.8
0.1560           3.7092      -4.5164       8.2256  1178.4
0.1570           3.6663      -4.3960       8.0622  1155.0
0.1580           3.6527      -4.2848       7.9376  1137.2
0.1590           3.6439      -4.1865       7.8304  1121.8
0.1600           3.6494      -4.1084       7.7578  1111.4
0.1610           3.6371      -4.0598       7.6969  1102.7
0.1620           3.6219      -4.0470       7.6689  1098.7
0.1630           3.6072      -4.0757       7.6829  1100.7
0.1640           3.6013      -4.1466       7.7480  1110.0
0.1650           3.5288      -4.2585       7.7873  1115.7
0.1660           3.5382      -4.4123       7.9504  1139.0
0.1670           3.5063      -4.6014       8.1077  1161.6
0.1680           3.4871      -4.8157       8.3028  1189.5
0.1690           3.4949      -5.0472       8.5421  1223.8
0.1700           3.4724      -5.2837       8.7561  1254.4
0.1710           3.4300      -5.5089       8.9390  1280.6
0.1720           3.4045      -5.7037       9.1081  1304.9
0.1730           3.3733      -5.8517       9.2251  1321.6
0.1740           3.3835      -5.9395       9.3230  1335.7
0.1750           3.3754      -5.9591       9.3345  1337.3
0.1760           3.2838      -5.9104       9.1942  1317.2
0.1770           3.2515      -5.8005       9.0521  1296.9
0.1780           3.2129      -5.6430       8.8559  1268.8
0.1790           3.2792      -5.4511       8.7302  1250.7
0.1800           3.2381      -5.2408       8.4789  1214.7
0.1810           3.2480      -5.0270       8.2750  1185.5
0.1820           3.2027      -4.8222       8.0249  1149.7
0.1830           3.1857      -4.6351       7.8208  1120.4
0.1840           3.1652      -4.4718       7.6371  1094.1
0.1850           3.0946      -4.3338       7.4284  1064.2
0.1860           3.0464      -4.2197       7.2661  1041.0
0.1870           3.0564      -4.1239       7.1803  1028.7
0.1880           3.0732      -4.0439       7.1171  1019.6
0.1890           2.9929      -3.9773       6.9702   998.6
0.1900           2.9648      -3.9188       6.8836   986.2
0.1910           2.9192      -3.8677       6.7869   972.3
0.1920           2.9186      -3.8239       6.7426   966.0
0.1930           2.9656      -3.7882       6.7538   967.6
0.1940           2.9435      -3.7620       6.7056   960.7
0.1950           2.9460      -3.7489       6.6949   959.1
0.1960           2.9466      -3.7484       6.6951   959.2
0.1970           2.8989      -3.7646       6.6635   954.7
0.1980           2.8704      -3.7967       6.6671   955.2
0.1990           2.8473      -3.8453       6.6926   958.8
0.2000           2.8379      -3.9122       6.7501   967.1
0.2010           2.8481      -3.9949       6.8430   980.4
0.2020           2.8286      -4.0930       6.9216   991.6
0.2030           2.8636      -4.2070       7.0706  1013.0
0.2040           2.8370      -4.3324       7.1694  1027.1
0.2050           2.8057      -4.4666       7.2723  1041.9
0.2060           2.8226      -4.6099       7.4326  1064.8
0.2070           2.7751      -4.7633       7.5384  1080.0
0.2080           2.7722      -4.9287       7.7009  1103.3
0.2090           2.7881      -5.1049       7.8931  1130.8
0.2100           2.7720      -5.2929       8.0649  1155.4
0.2110           2.7396      -5.4885       8.2280  1178.8
0.2120           2.7036      -5.6807       8.3843  1201.2
0.2130           2.6846      -5.8592       8.5438  1224.0
0.2140           2.6728      -6.0090       8.6818  1243.8
0.2150           2.6476      -6.1197       8.7673  1256.1
0.2160           2.6452      -6.1799       8.8251  1264.3
0.2170           2.6364      -6.1876       8.8240  1264.2
0.2180           2.5738      -6.1443       8.7181  1249.0
Time[ps]      Etot[eV]     Epot[eV]     Ekin[eV]    T[K]
0.0000           5.4819       5.4819       0.0000     0.0
0.0010           5.4854       5.4819       0.0035     0.5
0.0020           5.4899       5.4819       0.0080     1.1
0.0030           5.4944       5.4818       0.0125     1.8
0.0040           5.4993       5.4817       0.0177     2.5
0.0050           5.5042       5.4814       0.0228     3.3
0.0060           5.5098       5.4810       0.0288     4.1
0.0070           5.5108       5.4804       0.0305     4.4
0.0080           5.5174       5.4795       0.0378     5.4
0.0090           5.5213       5.4783       0.0430     6.2
0.0100           5.5217       5.4766       0.0451     6.5
0.0110           5.5279       5.4743       0.0535     7.7
0.0120           5.5327       5.4712       0.0614     8.8
0.0130           5.5349       5.4672       0.0677     9.7
0.0140           5.5412       5.4618       0.0794    11.4
0.0150           5.5445       5.4547       0.0897    12.9
0.0160           5.5464       5.4457       0.1007    14.4
0.0170           5.5541       5.4342       0.1199    17.2
0.0180           5.5569       5.4195       0.1373    19.7
0.0190           5.5637       5.4009       0.1628    23.3
0.0200           5.5672       5.3769       0.1903    27.3
0.0210           5.5715       5.3460       0.2255    32.3
0.0220           5.5697       5.3071       0.2626    37.6
0.0230           5.5733       5.2581       0.3152    45.2
0.0240           5.5759       5.1956       0.3803    54.5
0.0250           5.5770       5.1168       0.4601    65.9
0.0260           5.5738       5.0181       0.5557    79.6
0.0270           5.5710       4.8944       0.6766    96.9
0.0280           5.5878       4.7387       0.8491   121.6
0.0290           5.5954       4.5455       1.0499   150.4
0.0300           5.6070       4.3057       1.3014   186.4
0.0310           5.6246       4.0129       1.6116   230.9
0.0320           5.6349       3.6581       1.9768   283.2
0.0330           5.6145       3.2348       2.3796   340.9
0.0340           5.5919       2.7359       2.8560   409.2
0.0350           5.6192       2.1577       3.4614   495.9
0.0360           5.6080       1.4967       4.1113   589.0
0.0370           5.6077       0.7584       4.8493   694.7
0.0380           5.5605      -0.0431       5.6036   802.8
0.0390           5.5632      -0.8901       6.4533   924.5
0.0400           5.5197      -1.7584       7.2781  1042.7
0.0410           5.5288      -2.6178       8.1465  1167.1
0.0420           5.5136      -3.4367       8.9503  1282.3
0.0430           5.5458      -4.1838       9.7296  1393.9
0.0440           5.5340      -4.8332      10.3673  1485.3
0.0450           5.5549      -5.3665      10.9214  1564.7
0.0460           5.5231      -5.7729      11.2961  1618.3
0.0470           5.5245      -6.0533      11.5778  1658.7
0.0480           5.4689      -6.2223      11.6912  1674.9
0.0490           5.4686      -6.2962      11.7648  1685.5
0.0500           5.3326      -6.2945      11.6271  1665.8
0.0510           5.2480      -6.2373      11.4854  1645.5
0.0520           5.2019      -6.1422      11.3442  1625.2
0.0530           5.1938      -6.0251      11.2188  1607.3
0.0540           5.1597      -5.8956      11.0553  1583.9
0.0550           5.1053      -5.7617      10.8671  1556.9
0.0560           5.1295      -5.6277      10.7572  1541.1
0.0570           5.1188      -5.4951      10.6139  1520.6
0.0580           5.1445      -5.3646      10.5091  1505.6
0.0590           5.1601      -5.2359      10.3960  1489.4
0.0600           5.1563      -5.1087      10.2649  1470.6
0.0610           5.1502      -4.9790      10.1293  1451.2
0.0620           5.1291      -4.8432       9.9722  1428.7
0.0630           5.1422      -4.6954       9.8376  1409.4
0.0640           5.1078      -4.5344       9.6422  1381.4
0.0650           5.0639      -4.3581       9.4220  1349.8
0.0660           4.9880      -4.1701       9.1581  1312.0
0.0670           5.0037      -3.9734       8.9771  1286.1
0.0680           5.0390      -3.7744       8.8134  1262.7
0.0690           5.0442      -3.5820       8.6263  1235.8
0.0700           5.0278      -3.4037       8.4314  1207.9
0.0710           4.9550      -3.2435       8.1984  1174.6
0.0720           4.9923      -3.1060       8.0983  1160.2
0.0730           4.9870      -2.9886       7.9756  1142.6
0.0740           4.9750      -2.8936       7.8686  1127.3
0.0750           4.9760      -2.8191       7.7951  1116.8
0.0760           4.9371      -2.7602       7.6972  1102.8
0.0770           4.9396      -2.7143       7.6538  1096.5
0.0780           4.9240      -2.6782       7.6022  1089.1
0.0790           4.9276      -2.6492       7.5768  1085.5
0.0800           4.9985      -2.6244       7.6229  1092.1
0.0810           5.0088      -2.6017       7.6105  1090.3
0.0820           5.0132      -2.5797       7.5930  1087.8
0.0830           4.9967      -2.5562       7.5530  1082.1
0.0840           4.9829      -2.5327       7.5156  1076.7
0.0850           5.0435      -2.5085       7.5520  1081.9
0.0860           4.9941      -2.4860       7.4801  1071.6
0.0870           5.0146      -2.4663       7.4808  1071.7
0.0880           4.9431      -2.4496       7.3927  1059.1
0.0890           4.9024      -2.4365       7.3389  1051.4
0.0900           4.9043      -2.4254       7.3297  1050.1
0.0910           4.9110      -2.4129       7.3239  1049.3
0.0920           4.8931      -2.4049       7.2980  1045.6
0.0930           4.8394      -2.4026       7.2419  1037.5
0.0940           4.8337      -2.4125       7.2462  1038.1
0.0950           4.7883      -2.4406       7.2289  1035.7
0.0960           4.7520      -2.4910       7.2430  1037.7
0.0970           4.7504      -2.5710       7.3214  1048.9
0.0980           4.7687      -2.6805       7.4492  1067.2
0.0990           4.7336      -2.8177       7.5513  1081.8
0.1000           4.6820      -2.9779       7.6598  1097.4
Time[ps]      Etot[eV]     Epot[eV]     Ekin[eV]    T[K]
0.0000           5.4819       5.4819       0.0000     0.0
0.0010           5.4864       5.4819       0.0045     0.6
0.0020           5.4904       5.4819       0.0085     1.2
0.0030           5.4948       5.4818       0.0130     1.9
0.0040           5.4992       5.4816       0.0176     2.5
0.0050           5.5008       5.4812       0.0196     2.8
0.0060           5.5050       5.4806       0.0244     3.5
0.0070           5.5078       5.4798       0.0280     4.0
0.0080           5.5129       5.4786       0.0344     4.9
0.0090           5.5147       5.4769       0.0378     5.4
0.0100           5.5232       5.4748       0.0484     6.9
0.0110           5.5258       5.4719       0.0539     7.7
0.0120           5.5314       5.4682       0.0631     9.0
0.0130           5.5315       5.4633       0.0681     9.8
0.0140           5.5365       5.4568       0.0797    11.4
0.0150           5.5391       5.4484       0.0907    13.0
0.0160           5.5473       5.4372       0.1101    15.8
0.0170           5.5505       5.4226       0.1279    18.3
0.0180           5.5516       5.4039       0.1477    21.2
0.0190           5.5602       5.3798       0.1804    25.9
0.0200           5.5662       5.3487       0.2175    31.2
0.0210           5.5718       5.3090       0.2628    37.7
0.0220           5.5694       5.2584       0.3109    44.5
0.0230           5.5709       5.1949       0.3761    53.9
0.0240           5.5793       5.1140       0.4654    66.7
0.0250           5.5687       5.0108       0.5579    79.9
0.0260           5.5565       4.8822       0.6743    96.6
0.0270           5.5635       4.7209       0.8425   120.7
0.0280           5.5802       4.5178       1.0624   152.2
0.0290           5.5655       4.2671       1.2984   186.0
0.0300           5.5813       3.9595       1.6218   232.3
0.0310           5.5804       3.5872       1.9932   285.6
0.0320           5.6067       3.1421       2.4646   353.1
0.0330           5.5869       2.6183       2.9686   425.3
0.0340           5.5849       2.0179       3.5670   511.0
0.0350           5.5830       1.3410       4.2420   607.7
0.0360           5.5821       0.5987       4.9834   714.0
0.0370           5.5622      -0.1929       5.7550   824.5
0.0380           5.5782      -1.0136       6.5918   944.4
0.0390           5.5957      -1.8394       7.4352  1065.2
0.0400           5.6085      -2.6399       8.2485  1181.7
0.0410           5.6009      -3.3883       8.9892  1287.8
0.0420           5.6263      -4.0586       9.6850  1387.5
0.0430           5.5850      -4.6331      10.2181  1463.9
0.0440           5.5193      -5.1016      10.6209  1521.6
0.0450           5.5041      -5.4634      10.9674  1571.3
0.0460           5.5511      -5.7257      11.2768  1615.6
0.0470           5.4831      -5.9019      11.3850  1631.1
0.0480           5.4608      -6.0103      11.4710  1643.4
0.0490           5.3853      -6.0691      11.4543  1641.0
0.0500           5.3512      -6.0929      11.4441  1639.5
0.0510           5.3697      -6.0934      11.4631  1642.3
0.0520           5.2857      -6.0754      11.3612  1627.7
0.0530           5.2840      -6.0406      11.3246  1622.4
0.0540           5.3137      -5.9877      11.3014  1619.1
0.0550           5.4036      -5.9164      11.3200  1621.8
0.0560           5.4108      -5.8245      11.2353  1609.6
0.0570           5.4103      -5.7109      11.1212  1593.3
0.0580           5.3797      -5.5772      10.9569  1569.7
0.0590           5.3824      -5.4244      10.8068  1548.2
0.0600           5.4255      -5.2528      10.6782  1529.8
0.0610           5.5083      -5.0647      10.5730  1514.7
0.0620           5.4769      -4.8615      10.3384  1481.1
0.0630           5.4631      -4.6469      10.1100  1448.4
0.0640           5.4801      -4.4243       9.9044  1419.0
0.0650           5.4437      -4.2010       9.6447  1381.8
0.0660           5.4569      -3.9807       9.4375  1352.1
0.0670           5.5082      -3.7674       9.2757  1328.9
0.0680           5.4994      -3.5730       9.0724  1299.8
0.0690           5.4969      -3.4137       8.9105  1276.6
0.0700           5.4777      -3.3036       8.7813  1258.1
0.0710           5.4627      -3.2483       8.7110  1248.0
0.0720           5.4251      -3.2537       8.6788  1243.4
0.0730           5.4011      -3.3195       8.7206  1249.4
0.0740           5.3861      -3.4368       8.8229  1264.0
0.0750           5.3356      -3.5908       8.9265  1278.9
0.0760           5.3285      -3.7652       9.0937  1302.8
0.0770           5.3117      -3.9407       9.2523  1325.5
0.0780           5.3102      -4.1011       9.4114  1348.3
0.0790           5.2896      -4.2374       9.5270  1364.9
0.0800           5.2359      -4.3461       9.5820  1372.8
0.0810           5.2053      -4.4249       9.6302  1379.7
0.0820           5.1870      -4.4751       9.6621  1384.3
0.0830           5.1964      -4.4928       9.6892  1388.1
0.0840           5.1341      -4.4788       9.6129  1377.2
0.0850           5.0595      -4.4347       9.4942  1360.2
0.0860           5.0468      -4.3689       9.4157  1349.0
0.0870           5.0579      -4.2904       9.3484  1339.3
0.0880           5.0608      -4.2127       9.2735  1328.6
0.0890           5.0350      -4.1446       9.1796  1315.1
0.0900           5.0324      -4.0920       9.1244  1307.2
0.0910           4.9829      -4.0602       9.0431  1295.6
0.0920           4.9613      -4.0535       9.0148  1291.5
0.0930           4.9946      -4.0791       9.0737  1300.0
0.0940           4.9431      -4.1460       9.0891  1302.2
0.0950           4.9255      -4.2610       9.1865  1316.1
0.0960           4.9074      -4.4208       9.3282  1336.4
0.0970           4.8784      -4.6134       9.4917  1359.8
0.0980           4.8669      -4.8190       9.6859  1387.7
0.0990           4.8567      -5.0194       9.8761  1414.9
0.1000           4.8383      -5.1985      10.0368  1437.9
Time[ps]      Etot[eV]     Epot[eV]     Ekin[eV]    T[K]
0.0000           5.4819       5.4819       0.0000     0.0
0.0010           5.4855       5.4819       0.0036     0.5
0.0020           5.4896       5.4819       0.0077     1.1
0.0030           5.4943       5.4818       0.0125     1.8
0.0040           5.4977       5.4816       0.0161     2.3
0.0050           5.5012       5.4813       0.0199     2.9
0.0060           5.5065       5.4809       0.0256     3.7
0.0070           5.5101       5.4802       0.0299     4.3
0.0080           5.5160       5.4791       0.0369     5.3
0.0090           5.5200       5.4777       0.0424     6.1
0.0100           5.5231       5.4757       0.0474     6.8
0.0110           5.5235       5.4730       0.0505     7.2
0.0120           5.5271       5.4696       0.0575     8.2
0.0130           5.5306       5.4650       0.0656     9.4
0.0140           5.5336       5.4590       0.0746    10.7
0.0150           5.5395       5.4512       0.0883    12.6
0.0160           5.5431       5.4410       0.1021    14.6
0.0170           5.5471       5.4277       0.1194    17.1
0.0180           5.5542       5.4105       0.1437    20.6
0.0190           5.5530       5.3882       0.1648    23.6
0.0200           5.5693       5.3595       0.2098    30.1
0.0210           5.5750       5.3220       0.2530    36.2
0.0220           5.5746       5.2748       0.2997    42.9
0.0230           5.5839       5.2150       0.3689    52.8
0.0240           5.5852       5.1392       0.4460    63.9
0.0250           5.5987       5.0431       0.5557    79.6
0.0260           5.5979       4.9222       0.6757    96.8
0.0270           5.6100       4.7711       0.8389   120.2
0.0280           5.6132       4.5828       1.0304   147.6
0.0290           5.6046       4.3528       1.2518   179.3
0.0300           5.6123       4.0729       1.5395   220.6
0.0310           5.6173       3.7367       1.8806   269.4
0.0320           5.6514       3.3373       2.3140   331.5
0.0330           5.6220       2.8719       2.7501   394.0
0.0340           5.6269       2.3407       3.2862   470.8
